/var/slurm_spool/job380169/slurm_script: line 3: SBATCH: command not found
/var/slurm_spool/job380169/slurm_script: line 4: SBATCH: command not found
/var/slurm_spool/job380169/slurm_script: line 5: SBATCH: command not found
/var/slurm_spool/job380169/slurm_script: line 6: SBATCH: command not found
/var/slurm_spool/job380169/slurm_script: line 7: SBATCH: command not found
/var/slurm_spool/job380169/slurm_script: line 9: SBATCH: command not found
/var/slurm_spool/job380169/slurm_script: line 10: SBATCH: command not found
/var/slurm_spool/job380169/slurm_script: line 11: SBATCH: command not found
/var/slurm_spool/job380169/slurm_script: line 12: SBATCH: command not found
SBATCH done
module loading..
No modules loaded
Restoring modules from user's cuDNN804_CUDA1111_Py386_GCC1020

Currently Loaded Modules:
  1) GCCcore/10.2.0
  2) zlib/1.2.11-GCCcore-10.2.0       (H)
  3) binutils/2.35-GCCcore-10.2.0     (H)
  4) bzip2/1.0.8-GCCcore-10.2.0       (H)
  5) ncurses/6.2-GCCcore-10.2.0       (H)
  6) libreadline/8.0-GCCcore-10.2.0   (H)
  7) Tcl/8.6.10-GCCcore-10.2.0        (H)
  8) SQLite/3.33.0-GCCcore-10.2.0     (H)
  9) XZ/5.2.5-GCCcore-10.2.0          (H)
 10) GMP/6.2.0-GCCcore-10.2.0         (H)
 11) libffi/3.3-GCCcore-10.2.0        (H)
 12) Python/3.8.6-GCCcore-10.2.0
 13) GCC/10.2.0
 14) CUDAcore/11.1.1
 15) CUDA/11.1.1-GCC-10.2.0
 16) cuDNN/8.0.4.30-CUDA-11.1.1
 17) numactl/2.0.13-GCCcore-10.2.0    (H)
 18) libxml2/2.9.10-GCCcore-10.2.0    (H)
 19) libpciaccess/0.16-GCCcore-10.2.0 (H)
 20) hwloc/2.2.0-GCCcore-10.2.0       (H)
 21) libevent/2.1.12-GCCcore-10.2.0   (H)
 22) UCX/1.9.0-GCCcore-10.2.0         (H)
 23) libfabric/1.11.0-GCCcore-10.2.0  (H)
 24) OpenMPI/4.0.5-GCC-10.2.0

  Where:
   H:  Hidden Module

 

module done.
Virtual env and packages loading..
Python 3.8.6
pip 20.2.1 from /cluster/apps/eb/software/Python/3.8.6-GCCcore-10.2.0/lib/python3.8/site-packages/pip (python 3.8)
pip 21.2.1 from /cluster/work/haakosbo/env/py386_cuDNN804_CUDA1111/lib/python3.8/site-packages/pip (python 3.8)
Requirement already satisfied: pip in /cluster/work/haakosbo/env/py386_cuDNN804_CUDA1111/lib/python3.8/site-packages (21.2.1)
pip 21.2.1 from /cluster/work/haakosbo/env/py386_cuDNN804_CUDA1111/lib/python3.8/site-packages/pip (python 3.8)
Requirement already satisfied: tensorflow in /cluster/work/haakosbo/env/py386_cuDNN804_CUDA1111/lib/python3.8/site-packages (2.5.0)
Requirement already satisfied: opt-einsum~=3.3.0 in /cluster/work/haakosbo/env/py386_cuDNN804_CUDA1111/lib/python3.8/site-packages (from tensorflow) (3.3.0)
Requirement already satisfied: protobuf>=3.9.2 in /cluster/work/haakosbo/env/py386_cuDNN804_CUDA1111/lib/python3.8/site-packages (from tensorflow) (3.17.2)
Requirement already satisfied: six~=1.15.0 in /cluster/work/haakosbo/env/py386_cuDNN804_CUDA1111/lib/python3.8/site-packages (from tensorflow) (1.15.0)
Requirement already satisfied: grpcio~=1.34.0 in /cluster/work/haakosbo/env/py386_cuDNN804_CUDA1111/lib/python3.8/site-packages (from tensorflow) (1.34.1)
Requirement already satisfied: tensorflow-estimator<2.6.0,>=2.5.0rc0 in /cluster/work/haakosbo/env/py386_cuDNN804_CUDA1111/lib/python3.8/site-packages (from tensorflow) (2.5.0)
Requirement already satisfied: google-pasta~=0.2 in /cluster/work/haakosbo/env/py386_cuDNN804_CUDA1111/lib/python3.8/site-packages (from tensorflow) (0.2.0)
Requirement already satisfied: absl-py~=0.10 in /cluster/work/haakosbo/env/py386_cuDNN804_CUDA1111/lib/python3.8/site-packages (from tensorflow) (0.12.0)
Requirement already satisfied: termcolor~=1.1.0 in /cluster/work/haakosbo/env/py386_cuDNN804_CUDA1111/lib/python3.8/site-packages (from tensorflow) (1.1.0)
Requirement already satisfied: astunparse~=1.6.3 in /cluster/work/haakosbo/env/py386_cuDNN804_CUDA1111/lib/python3.8/site-packages (from tensorflow) (1.6.3)
Requirement already satisfied: keras-preprocessing~=1.1.2 in /cluster/work/haakosbo/env/py386_cuDNN804_CUDA1111/lib/python3.8/site-packages (from tensorflow) (1.1.2)
Requirement already satisfied: typing-extensions~=3.7.4 in /cluster/work/haakosbo/env/py386_cuDNN804_CUDA1111/lib/python3.8/site-packages (from tensorflow) (3.7.4.3)
Requirement already satisfied: h5py~=3.1.0 in /cluster/work/haakosbo/env/py386_cuDNN804_CUDA1111/lib/python3.8/site-packages (from tensorflow) (3.1.0)
Requirement already satisfied: gast==0.4.0 in /cluster/work/haakosbo/env/py386_cuDNN804_CUDA1111/lib/python3.8/site-packages (from tensorflow) (0.4.0)
Requirement already satisfied: wheel~=0.35 in /cluster/work/haakosbo/env/py386_cuDNN804_CUDA1111/lib/python3.8/site-packages (from tensorflow) (0.36.2)
Requirement already satisfied: wrapt~=1.12.1 in /cluster/work/haakosbo/env/py386_cuDNN804_CUDA1111/lib/python3.8/site-packages (from tensorflow) (1.12.1)
Requirement already satisfied: tensorboard~=2.5 in /cluster/work/haakosbo/env/py386_cuDNN804_CUDA1111/lib/python3.8/site-packages (from tensorflow) (2.5.0)
Requirement already satisfied: flatbuffers~=1.12.0 in /cluster/work/haakosbo/env/py386_cuDNN804_CUDA1111/lib/python3.8/site-packages (from tensorflow) (1.12)
Requirement already satisfied: keras-nightly~=2.5.0.dev in /cluster/work/haakosbo/env/py386_cuDNN804_CUDA1111/lib/python3.8/site-packages (from tensorflow) (2.5.0.dev2021032900)
Requirement already satisfied: numpy~=1.19.2 in /cluster/work/haakosbo/env/py386_cuDNN804_CUDA1111/lib/python3.8/site-packages (from tensorflow) (1.19.5)
Requirement already satisfied: tensorboard-data-server<0.7.0,>=0.6.0 in /cluster/work/haakosbo/env/py386_cuDNN804_CUDA1111/lib/python3.8/site-packages (from tensorboard~=2.5->tensorflow) (0.6.1)
Requirement already satisfied: google-auth<2,>=1.6.3 in /cluster/work/haakosbo/env/py386_cuDNN804_CUDA1111/lib/python3.8/site-packages (from tensorboard~=2.5->tensorflow) (1.30.1)
Requirement already satisfied: markdown>=2.6.8 in /cluster/work/haakosbo/env/py386_cuDNN804_CUDA1111/lib/python3.8/site-packages (from tensorboard~=2.5->tensorflow) (3.3.4)
Requirement already satisfied: tensorboard-plugin-wit>=1.6.0 in /cluster/work/haakosbo/env/py386_cuDNN804_CUDA1111/lib/python3.8/site-packages (from tensorboard~=2.5->tensorflow) (1.8.0)
Requirement already satisfied: werkzeug>=0.11.15 in /cluster/work/haakosbo/env/py386_cuDNN804_CUDA1111/lib/python3.8/site-packages (from tensorboard~=2.5->tensorflow) (2.0.1)
Requirement already satisfied: setuptools>=41.0.0 in /cluster/work/haakosbo/env/py386_cuDNN804_CUDA1111/lib/python3.8/site-packages (from tensorboard~=2.5->tensorflow) (56.2.0)
Requirement already satisfied: requests<3,>=2.21.0 in /cluster/work/haakosbo/env/py386_cuDNN804_CUDA1111/lib/python3.8/site-packages (from tensorboard~=2.5->tensorflow) (2.25.1)
Requirement already satisfied: google-auth-oauthlib<0.5,>=0.4.1 in /cluster/work/haakosbo/env/py386_cuDNN804_CUDA1111/lib/python3.8/site-packages (from tensorboard~=2.5->tensorflow) (0.4.4)
Requirement already satisfied: rsa<5,>=3.1.4 in /cluster/work/haakosbo/env/py386_cuDNN804_CUDA1111/lib/python3.8/site-packages (from google-auth<2,>=1.6.3->tensorboard~=2.5->tensorflow) (4.7.2)
Requirement already satisfied: cachetools<5.0,>=2.0.0 in /cluster/work/haakosbo/env/py386_cuDNN804_CUDA1111/lib/python3.8/site-packages (from google-auth<2,>=1.6.3->tensorboard~=2.5->tensorflow) (4.2.2)
Requirement already satisfied: pyasn1-modules>=0.2.1 in /cluster/work/haakosbo/env/py386_cuDNN804_CUDA1111/lib/python3.8/site-packages (from google-auth<2,>=1.6.3->tensorboard~=2.5->tensorflow) (0.2.8)
Requirement already satisfied: requests-oauthlib>=0.7.0 in /cluster/work/haakosbo/env/py386_cuDNN804_CUDA1111/lib/python3.8/site-packages (from google-auth-oauthlib<0.5,>=0.4.1->tensorboard~=2.5->tensorflow) (1.3.0)
Requirement already satisfied: pyasn1<0.5.0,>=0.4.6 in /cluster/work/haakosbo/env/py386_cuDNN804_CUDA1111/lib/python3.8/site-packages (from pyasn1-modules>=0.2.1->google-auth<2,>=1.6.3->tensorboard~=2.5->tensorflow) (0.4.8)
Requirement already satisfied: urllib3<1.27,>=1.21.1 in /cluster/work/haakosbo/env/py386_cuDNN804_CUDA1111/lib/python3.8/site-packages (from requests<3,>=2.21.0->tensorboard~=2.5->tensorflow) (1.25.11)
Requirement already satisfied: certifi>=2017.4.17 in /cluster/work/haakosbo/env/py386_cuDNN804_CUDA1111/lib/python3.8/site-packages (from requests<3,>=2.21.0->tensorboard~=2.5->tensorflow) (2021.5.30)
Requirement already satisfied: chardet<5,>=3.0.2 in /cluster/work/haakosbo/env/py386_cuDNN804_CUDA1111/lib/python3.8/site-packages (from requests<3,>=2.21.0->tensorboard~=2.5->tensorflow) (4.0.0)
Requirement already satisfied: idna<3,>=2.5 in /cluster/work/haakosbo/env/py386_cuDNN804_CUDA1111/lib/python3.8/site-packages (from requests<3,>=2.21.0->tensorboard~=2.5->tensorflow) (2.10)
Requirement already satisfied: oauthlib>=3.0.0 in /cluster/work/haakosbo/env/py386_cuDNN804_CUDA1111/lib/python3.8/site-packages (from requests-oauthlib>=0.7.0->google-auth-oauthlib<0.5,>=0.4.1->tensorboard~=2.5->tensorflow) (3.1.1)
Requirement already satisfied: tflite-model-maker in /cluster/work/haakosbo/env/py386_cuDNN804_CUDA1111/lib/python3.8/site-packages (0.3.2)
Requirement already satisfied: neural-structured-learning>=1.3.1 in /cluster/work/haakosbo/env/py386_cuDNN804_CUDA1111/lib/python3.8/site-packages (from tflite-model-maker) (1.3.1)
Requirement already satisfied: six>=1.12.0 in /cluster/work/haakosbo/env/py386_cuDNN804_CUDA1111/lib/python3.8/site-packages (from tflite-model-maker) (1.15.0)
Requirement already satisfied: Cython>=0.29.13 in /cluster/work/haakosbo/env/py386_cuDNN804_CUDA1111/lib/python3.8/site-packages (from tflite-model-maker) (0.29.23)
Requirement already satisfied: pillow>=7.0.0 in /cluster/work/haakosbo/env/py386_cuDNN804_CUDA1111/lib/python3.8/site-packages (from tflite-model-maker) (8.2.0)
Requirement already satisfied: fire>=0.3.1 in /cluster/work/haakosbo/env/py386_cuDNN804_CUDA1111/lib/python3.8/site-packages (from tflite-model-maker) (0.4.0)
Requirement already satisfied: tf-models-official==2.3.0 in /cluster/work/haakosbo/env/py386_cuDNN804_CUDA1111/lib/python3.8/site-packages (from tflite-model-maker) (2.3.0)
Requirement already satisfied: urllib3!=1.25.0,!=1.25.1,<1.26,>=1.21.1 in /cluster/work/haakosbo/env/py386_cuDNN804_CUDA1111/lib/python3.8/site-packages (from tflite-model-maker) (1.25.11)
Requirement already satisfied: librosa>=0.5 in /cluster/work/haakosbo/env/py386_cuDNN804_CUDA1111/lib/python3.8/site-packages (from tflite-model-maker) (0.8.1)
Requirement already satisfied: tflite-support>=0.1.0rc4 in /cluster/work/haakosbo/env/py386_cuDNN804_CUDA1111/lib/python3.8/site-packages (from tflite-model-maker) (0.2.0)
Requirement already satisfied: PyYAML>=5.1 in /cluster/work/haakosbo/env/py386_cuDNN804_CUDA1111/lib/python3.8/site-packages (from tflite-model-maker) (5.4.1)
Requirement already satisfied: tensorflow-hub<0.10>=0.8.0 in /cluster/work/haakosbo/env/py386_cuDNN804_CUDA1111/lib/python3.8/site-packages (from tflite-model-maker) (0.9.0)
Requirement already satisfied: tensorflowjs>=2.4.0 in /cluster/work/haakosbo/env/py386_cuDNN804_CUDA1111/lib/python3.8/site-packages (from tflite-model-maker) (3.7.0)
Requirement already satisfied: lxml>=4.6.1 in /cluster/work/haakosbo/env/py386_cuDNN804_CUDA1111/lib/python3.8/site-packages (from tflite-model-maker) (4.6.3)
Requirement already satisfied: tensorflow-addons>=0.11.2 in /cluster/work/haakosbo/env/py386_cuDNN804_CUDA1111/lib/python3.8/site-packages (from tflite-model-maker) (0.13.0)
Requirement already satisfied: tensorflow-datasets>=2.1.0 in /cluster/work/haakosbo/env/py386_cuDNN804_CUDA1111/lib/python3.8/site-packages (from tflite-model-maker) (4.3.0)
Requirement already satisfied: numpy>=1.17.3 in /cluster/work/haakosbo/env/py386_cuDNN804_CUDA1111/lib/python3.8/site-packages (from tflite-model-maker) (1.19.5)
Requirement already satisfied: tensorflow-model-optimization>=0.5 in /cluster/work/haakosbo/env/py386_cuDNN804_CUDA1111/lib/python3.8/site-packages (from tflite-model-maker) (0.5.0)
Requirement already satisfied: matplotlib>=3.0.3 in /cluster/work/haakosbo/env/py386_cuDNN804_CUDA1111/lib/python3.8/site-packages (from tflite-model-maker) (3.4.2)
Requirement already satisfied: flatbuffers==1.12 in /cluster/work/haakosbo/env/py386_cuDNN804_CUDA1111/lib/python3.8/site-packages (from tflite-model-maker) (1.12)
Requirement already satisfied: absl-py>=0.10.0 in /cluster/work/haakosbo/env/py386_cuDNN804_CUDA1111/lib/python3.8/site-packages (from tflite-model-maker) (0.12.0)
Requirement already satisfied: tensorflow>=2.4.0 in /cluster/work/haakosbo/env/py386_cuDNN804_CUDA1111/lib/python3.8/site-packages (from tflite-model-maker) (2.5.0)
Requirement already satisfied: sentencepiece>=0.1.91 in /cluster/work/haakosbo/env/py386_cuDNN804_CUDA1111/lib/python3.8/site-packages (from tflite-model-maker) (0.1.95)
Requirement already satisfied: psutil>=5.4.3 in /cluster/work/haakosbo/env/py386_cuDNN804_CUDA1111/lib/python3.8/site-packages (from tf-models-official==2.3.0->tflite-model-maker) (5.8.0)
Requirement already satisfied: google-api-python-client>=1.6.7 in /cluster/work/haakosbo/env/py386_cuDNN804_CUDA1111/lib/python3.8/site-packages (from tf-models-official==2.3.0->tflite-model-maker) (2.7.0)
Requirement already satisfied: scipy>=0.19.1 in /cluster/work/haakosbo/env/py386_cuDNN804_CUDA1111/lib/python3.8/site-packages (from tf-models-official==2.3.0->tflite-model-maker) (1.6.3)
Requirement already satisfied: tf-slim>=1.1.0 in /cluster/work/haakosbo/env/py386_cuDNN804_CUDA1111/lib/python3.8/site-packages (from tf-models-official==2.3.0->tflite-model-maker) (1.1.0)
Requirement already satisfied: dataclasses in /cluster/work/haakosbo/env/py386_cuDNN804_CUDA1111/lib/python3.8/site-packages (from tf-models-official==2.3.0->tflite-model-maker) (0.6)
Requirement already satisfied: google-cloud-bigquery>=0.31.0 in /cluster/work/haakosbo/env/py386_cuDNN804_CUDA1111/lib/python3.8/site-packages (from tf-models-official==2.3.0->tflite-model-maker) (2.20.0)
Requirement already satisfied: kaggle>=1.3.9 in /cluster/work/haakosbo/env/py386_cuDNN804_CUDA1111/lib/python3.8/site-packages (from tf-models-official==2.3.0->tflite-model-maker) (1.5.12)
Requirement already satisfied: pandas>=0.22.0 in /cluster/work/haakosbo/env/py386_cuDNN804_CUDA1111/lib/python3.8/site-packages (from tf-models-official==2.3.0->tflite-model-maker) (1.2.4)
Requirement already satisfied: py-cpuinfo>=3.3.0 in /cluster/work/haakosbo/env/py386_cuDNN804_CUDA1111/lib/python3.8/site-packages (from tf-models-official==2.3.0->tflite-model-maker) (8.0.0)
Requirement already satisfied: gin-config in /cluster/work/haakosbo/env/py386_cuDNN804_CUDA1111/lib/python3.8/site-packages (from tf-models-official==2.3.0->tflite-model-maker) (0.4.0)
Requirement already satisfied: opencv-python-headless in /cluster/work/haakosbo/env/py386_cuDNN804_CUDA1111/lib/python3.8/site-packages (from tf-models-official==2.3.0->tflite-model-maker) (4.5.2.54)
Requirement already satisfied: termcolor in /cluster/work/haakosbo/env/py386_cuDNN804_CUDA1111/lib/python3.8/site-packages (from fire>=0.3.1->tflite-model-maker) (1.1.0)
Requirement already satisfied: google-auth-httplib2>=0.1.0 in /cluster/work/haakosbo/env/py386_cuDNN804_CUDA1111/lib/python3.8/site-packages (from google-api-python-client>=1.6.7->tf-models-official==2.3.0->tflite-model-maker) (0.1.0)
Requirement already satisfied: google-auth<2dev,>=1.16.0 in /cluster/work/haakosbo/env/py386_cuDNN804_CUDA1111/lib/python3.8/site-packages (from google-api-python-client>=1.6.7->tf-models-official==2.3.0->tflite-model-maker) (1.30.1)
Requirement already satisfied: httplib2<1dev,>=0.15.0 in /cluster/work/haakosbo/env/py386_cuDNN804_CUDA1111/lib/python3.8/site-packages (from google-api-python-client>=1.6.7->tf-models-official==2.3.0->tflite-model-maker) (0.19.1)
Requirement already satisfied: google-api-core<2dev,>=1.21.0 in /cluster/work/haakosbo/env/py386_cuDNN804_CUDA1111/lib/python3.8/site-packages (from google-api-python-client>=1.6.7->tf-models-official==2.3.0->tflite-model-maker) (1.29.0)
Requirement already satisfied: uritemplate<4dev,>=3.0.0 in /cluster/work/haakosbo/env/py386_cuDNN804_CUDA1111/lib/python3.8/site-packages (from google-api-python-client>=1.6.7->tf-models-official==2.3.0->tflite-model-maker) (3.0.1)
Requirement already satisfied: pytz in /cluster/work/haakosbo/env/py386_cuDNN804_CUDA1111/lib/python3.8/site-packages (from google-api-core<2dev,>=1.21.0->google-api-python-client>=1.6.7->tf-models-official==2.3.0->tflite-model-maker) (2021.1)
Requirement already satisfied: setuptools>=40.3.0 in /cluster/work/haakosbo/env/py386_cuDNN804_CUDA1111/lib/python3.8/site-packages (from google-api-core<2dev,>=1.21.0->google-api-python-client>=1.6.7->tf-models-official==2.3.0->tflite-model-maker) (56.2.0)
Requirement already satisfied: protobuf>=3.12.0 in /cluster/work/haakosbo/env/py386_cuDNN804_CUDA1111/lib/python3.8/site-packages (from google-api-core<2dev,>=1.21.0->google-api-python-client>=1.6.7->tf-models-official==2.3.0->tflite-model-maker) (3.17.2)
Requirement already satisfied: requests<3.0.0dev,>=2.18.0 in /cluster/work/haakosbo/env/py386_cuDNN804_CUDA1111/lib/python3.8/site-packages (from google-api-core<2dev,>=1.21.0->google-api-python-client>=1.6.7->tf-models-official==2.3.0->tflite-model-maker) (2.25.1)
Requirement already satisfied: packaging>=14.3 in /cluster/work/haakosbo/env/py386_cuDNN804_CUDA1111/lib/python3.8/site-packages (from google-api-core<2dev,>=1.21.0->google-api-python-client>=1.6.7->tf-models-official==2.3.0->tflite-model-maker) (20.9)
Requirement already satisfied: googleapis-common-protos<2.0dev,>=1.6.0 in /cluster/work/haakosbo/env/py386_cuDNN804_CUDA1111/lib/python3.8/site-packages (from google-api-core<2dev,>=1.21.0->google-api-python-client>=1.6.7->tf-models-official==2.3.0->tflite-model-maker) (1.53.0)
Requirement already satisfied: cachetools<5.0,>=2.0.0 in /cluster/work/haakosbo/env/py386_cuDNN804_CUDA1111/lib/python3.8/site-packages (from google-auth<2dev,>=1.16.0->google-api-python-client>=1.6.7->tf-models-official==2.3.0->tflite-model-maker) (4.2.2)
Requirement already satisfied: rsa<5,>=3.1.4 in /cluster/work/haakosbo/env/py386_cuDNN804_CUDA1111/lib/python3.8/site-packages (from google-auth<2dev,>=1.16.0->google-api-python-client>=1.6.7->tf-models-official==2.3.0->tflite-model-maker) (4.7.2)
Requirement already satisfied: pyasn1-modules>=0.2.1 in /cluster/work/haakosbo/env/py386_cuDNN804_CUDA1111/lib/python3.8/site-packages (from google-auth<2dev,>=1.16.0->google-api-python-client>=1.6.7->tf-models-official==2.3.0->tflite-model-maker) (0.2.8)
Requirement already satisfied: proto-plus>=1.10.0 in /cluster/work/haakosbo/env/py386_cuDNN804_CUDA1111/lib/python3.8/site-packages (from google-cloud-bigquery>=0.31.0->tf-models-official==2.3.0->tflite-model-maker) (1.18.1)
Requirement already satisfied: google-resumable-media<2.0dev,>=0.6.0 in /cluster/work/haakosbo/env/py386_cuDNN804_CUDA1111/lib/python3.8/site-packages (from google-cloud-bigquery>=0.31.0->tf-models-official==2.3.0->tflite-model-maker) (1.3.0)
Requirement already satisfied: google-cloud-core<2.0dev,>=1.4.1 in /cluster/work/haakosbo/env/py386_cuDNN804_CUDA1111/lib/python3.8/site-packages (from google-cloud-bigquery>=0.31.0->tf-models-official==2.3.0->tflite-model-maker) (1.6.0)
Requirement already satisfied: grpcio<2.0dev,>=1.29.0 in /cluster/work/haakosbo/env/py386_cuDNN804_CUDA1111/lib/python3.8/site-packages (from google-api-core<2dev,>=1.21.0->google-api-python-client>=1.6.7->tf-models-official==2.3.0->tflite-model-maker) (1.34.1)
Requirement already satisfied: google-crc32c<2.0dev,>=1.0 in /cluster/work/haakosbo/env/py386_cuDNN804_CUDA1111/lib/python3.8/site-packages (from google-resumable-media<2.0dev,>=0.6.0->google-cloud-bigquery>=0.31.0->tf-models-official==2.3.0->tflite-model-maker) (1.1.2)
Requirement already satisfied: cffi>=1.0.0 in /cluster/work/haakosbo/env/py386_cuDNN804_CUDA1111/lib/python3.8/site-packages (from google-crc32c<2.0dev,>=1.0->google-resumable-media<2.0dev,>=0.6.0->google-cloud-bigquery>=0.31.0->tf-models-official==2.3.0->tflite-model-maker) (1.14.5)
Requirement already satisfied: pycparser in /cluster/work/haakosbo/env/py386_cuDNN804_CUDA1111/lib/python3.8/site-packages (from cffi>=1.0.0->google-crc32c<2.0dev,>=1.0->google-resumable-media<2.0dev,>=0.6.0->google-cloud-bigquery>=0.31.0->tf-models-official==2.3.0->tflite-model-maker) (2.20)
Requirement already satisfied: pyparsing<3,>=2.4.2 in /cluster/work/haakosbo/env/py386_cuDNN804_CUDA1111/lib/python3.8/site-packages (from httplib2<1dev,>=0.15.0->google-api-python-client>=1.6.7->tf-models-official==2.3.0->tflite-model-maker) (2.4.7)
Requirement already satisfied: python-slugify in /cluster/work/haakosbo/env/py386_cuDNN804_CUDA1111/lib/python3.8/site-packages (from kaggle>=1.3.9->tf-models-official==2.3.0->tflite-model-maker) (5.0.2)
Requirement already satisfied: python-dateutil in /cluster/work/haakosbo/env/py386_cuDNN804_CUDA1111/lib/python3.8/site-packages (from kaggle>=1.3.9->tf-models-official==2.3.0->tflite-model-maker) (2.8.1)
Requirement already satisfied: certifi in /cluster/work/haakosbo/env/py386_cuDNN804_CUDA1111/lib/python3.8/site-packages (from kaggle>=1.3.9->tf-models-official==2.3.0->tflite-model-maker) (2021.5.30)
Requirement already satisfied: tqdm in /cluster/work/haakosbo/env/py386_cuDNN804_CUDA1111/lib/python3.8/site-packages (from kaggle>=1.3.9->tf-models-official==2.3.0->tflite-model-maker) (4.61.0)
Requirement already satisfied: resampy>=0.2.2 in /cluster/work/haakosbo/env/py386_cuDNN804_CUDA1111/lib/python3.8/site-packages (from librosa>=0.5->tflite-model-maker) (0.2.2)
Requirement already satisfied: numba>=0.43.0 in /cluster/work/haakosbo/env/py386_cuDNN804_CUDA1111/lib/python3.8/site-packages (from librosa>=0.5->tflite-model-maker) (0.53.1)
Requirement already satisfied: soundfile>=0.10.2 in /cluster/work/haakosbo/env/py386_cuDNN804_CUDA1111/lib/python3.8/site-packages (from librosa>=0.5->tflite-model-maker) (0.10.3.post1)
Requirement already satisfied: decorator>=3.0.0 in /cluster/work/haakosbo/env/py386_cuDNN804_CUDA1111/lib/python3.8/site-packages (from librosa>=0.5->tflite-model-maker) (5.0.9)
Requirement already satisfied: scikit-learn!=0.19.0,>=0.14.0 in /cluster/work/haakosbo/env/py386_cuDNN804_CUDA1111/lib/python3.8/site-packages (from librosa>=0.5->tflite-model-maker) (0.24.2)
Requirement already satisfied: joblib>=0.14 in /cluster/work/haakosbo/env/py386_cuDNN804_CUDA1111/lib/python3.8/site-packages (from librosa>=0.5->tflite-model-maker) (1.0.1)
Requirement already satisfied: pooch>=1.0 in /cluster/work/haakosbo/env/py386_cuDNN804_CUDA1111/lib/python3.8/site-packages (from librosa>=0.5->tflite-model-maker) (1.3.0)
Requirement already satisfied: audioread>=2.0.0 in /cluster/work/haakosbo/env/py386_cuDNN804_CUDA1111/lib/python3.8/site-packages (from librosa>=0.5->tflite-model-maker) (2.1.9)
Requirement already satisfied: kiwisolver>=1.0.1 in /cluster/work/haakosbo/env/py386_cuDNN804_CUDA1111/lib/python3.8/site-packages (from matplotlib>=3.0.3->tflite-model-maker) (1.3.1)
Requirement already satisfied: cycler>=0.10 in /cluster/work/haakosbo/env/py386_cuDNN804_CUDA1111/lib/python3.8/site-packages (from matplotlib>=3.0.3->tflite-model-maker) (0.10.0)
Requirement already satisfied: attrs in /cluster/work/haakosbo/env/py386_cuDNN804_CUDA1111/lib/python3.8/site-packages (from neural-structured-learning>=1.3.1->tflite-model-maker) (21.2.0)
Requirement already satisfied: llvmlite<0.37,>=0.36.0rc1 in /cluster/work/haakosbo/env/py386_cuDNN804_CUDA1111/lib/python3.8/site-packages (from numba>=0.43.0->librosa>=0.5->tflite-model-maker) (0.36.0)
Requirement already satisfied: appdirs in /cluster/work/haakosbo/env/py386_cuDNN804_CUDA1111/lib/python3.8/site-packages (from pooch>=1.0->librosa>=0.5->tflite-model-maker) (1.4.4)
Requirement already satisfied: pyasn1<0.5.0,>=0.4.6 in /cluster/work/haakosbo/env/py386_cuDNN804_CUDA1111/lib/python3.8/site-packages (from pyasn1-modules>=0.2.1->google-auth<2dev,>=1.16.0->google-api-python-client>=1.6.7->tf-models-official==2.3.0->tflite-model-maker) (0.4.8)
Requirement already satisfied: chardet<5,>=3.0.2 in /cluster/work/haakosbo/env/py386_cuDNN804_CUDA1111/lib/python3.8/site-packages (from requests<3.0.0dev,>=2.18.0->google-api-core<2dev,>=1.21.0->google-api-python-client>=1.6.7->tf-models-official==2.3.0->tflite-model-maker) (4.0.0)
Requirement already satisfied: idna<3,>=2.5 in /cluster/work/haakosbo/env/py386_cuDNN804_CUDA1111/lib/python3.8/site-packages (from requests<3.0.0dev,>=2.18.0->google-api-core<2dev,>=1.21.0->google-api-python-client>=1.6.7->tf-models-official==2.3.0->tflite-model-maker) (2.10)
Requirement already satisfied: threadpoolctl>=2.0.0 in /cluster/work/haakosbo/env/py386_cuDNN804_CUDA1111/lib/python3.8/site-packages (from scikit-learn!=0.19.0,>=0.14.0->librosa>=0.5->tflite-model-maker) (2.1.0)
Requirement already satisfied: h5py~=3.1.0 in /cluster/work/haakosbo/env/py386_cuDNN804_CUDA1111/lib/python3.8/site-packages (from tensorflow>=2.4.0->tflite-model-maker) (3.1.0)
Requirement already satisfied: tensorboard~=2.5 in /cluster/work/haakosbo/env/py386_cuDNN804_CUDA1111/lib/python3.8/site-packages (from tensorflow>=2.4.0->tflite-model-maker) (2.5.0)
Requirement already satisfied: google-pasta~=0.2 in /cluster/work/haakosbo/env/py386_cuDNN804_CUDA1111/lib/python3.8/site-packages (from tensorflow>=2.4.0->tflite-model-maker) (0.2.0)
Requirement already satisfied: keras-nightly~=2.5.0.dev in /cluster/work/haakosbo/env/py386_cuDNN804_CUDA1111/lib/python3.8/site-packages (from tensorflow>=2.4.0->tflite-model-maker) (2.5.0.dev2021032900)
Requirement already satisfied: gast==0.4.0 in /cluster/work/haakosbo/env/py386_cuDNN804_CUDA1111/lib/python3.8/site-packages (from tensorflow>=2.4.0->tflite-model-maker) (0.4.0)
Requirement already satisfied: opt-einsum~=3.3.0 in /cluster/work/haakosbo/env/py386_cuDNN804_CUDA1111/lib/python3.8/site-packages (from tensorflow>=2.4.0->tflite-model-maker) (3.3.0)
Requirement already satisfied: wheel~=0.35 in /cluster/work/haakosbo/env/py386_cuDNN804_CUDA1111/lib/python3.8/site-packages (from tensorflow>=2.4.0->tflite-model-maker) (0.36.2)
Requirement already satisfied: wrapt~=1.12.1 in /cluster/work/haakosbo/env/py386_cuDNN804_CUDA1111/lib/python3.8/site-packages (from tensorflow>=2.4.0->tflite-model-maker) (1.12.1)
Requirement already satisfied: astunparse~=1.6.3 in /cluster/work/haakosbo/env/py386_cuDNN804_CUDA1111/lib/python3.8/site-packages (from tensorflow>=2.4.0->tflite-model-maker) (1.6.3)
Requirement already satisfied: keras-preprocessing~=1.1.2 in /cluster/work/haakosbo/env/py386_cuDNN804_CUDA1111/lib/python3.8/site-packages (from tensorflow>=2.4.0->tflite-model-maker) (1.1.2)
Requirement already satisfied: tensorflow-estimator<2.6.0,>=2.5.0rc0 in /cluster/work/haakosbo/env/py386_cuDNN804_CUDA1111/lib/python3.8/site-packages (from tensorflow>=2.4.0->tflite-model-maker) (2.5.0)
Requirement already satisfied: typing-extensions~=3.7.4 in /cluster/work/haakosbo/env/py386_cuDNN804_CUDA1111/lib/python3.8/site-packages (from tensorflow>=2.4.0->tflite-model-maker) (3.7.4.3)
Requirement already satisfied: google-auth-oauthlib<0.5,>=0.4.1 in /cluster/work/haakosbo/env/py386_cuDNN804_CUDA1111/lib/python3.8/site-packages (from tensorboard~=2.5->tensorflow>=2.4.0->tflite-model-maker) (0.4.4)
Requirement already satisfied: werkzeug>=0.11.15 in /cluster/work/haakosbo/env/py386_cuDNN804_CUDA1111/lib/python3.8/site-packages (from tensorboard~=2.5->tensorflow>=2.4.0->tflite-model-maker) (2.0.1)
Requirement already satisfied: tensorboard-data-server<0.7.0,>=0.6.0 in /cluster/work/haakosbo/env/py386_cuDNN804_CUDA1111/lib/python3.8/site-packages (from tensorboard~=2.5->tensorflow>=2.4.0->tflite-model-maker) (0.6.1)
Requirement already satisfied: tensorboard-plugin-wit>=1.6.0 in /cluster/work/haakosbo/env/py386_cuDNN804_CUDA1111/lib/python3.8/site-packages (from tensorboard~=2.5->tensorflow>=2.4.0->tflite-model-maker) (1.8.0)
Requirement already satisfied: markdown>=2.6.8 in /cluster/work/haakosbo/env/py386_cuDNN804_CUDA1111/lib/python3.8/site-packages (from tensorboard~=2.5->tensorflow>=2.4.0->tflite-model-maker) (3.3.4)
Requirement already satisfied: requests-oauthlib>=0.7.0 in /cluster/work/haakosbo/env/py386_cuDNN804_CUDA1111/lib/python3.8/site-packages (from google-auth-oauthlib<0.5,>=0.4.1->tensorboard~=2.5->tensorflow>=2.4.0->tflite-model-maker) (1.3.0)
Requirement already satisfied: oauthlib>=3.0.0 in /cluster/work/haakosbo/env/py386_cuDNN804_CUDA1111/lib/python3.8/site-packages (from requests-oauthlib>=0.7.0->google-auth-oauthlib<0.5,>=0.4.1->tensorboard~=2.5->tensorflow>=2.4.0->tflite-model-maker) (3.1.1)
Requirement already satisfied: typeguard>=2.7 in /cluster/work/haakosbo/env/py386_cuDNN804_CUDA1111/lib/python3.8/site-packages (from tensorflow-addons>=0.11.2->tflite-model-maker) (2.12.1)
Requirement already satisfied: importlib-resources in /cluster/work/haakosbo/env/py386_cuDNN804_CUDA1111/lib/python3.8/site-packages (from tensorflow-datasets>=2.1.0->tflite-model-maker) (5.1.4)
Requirement already satisfied: promise in /cluster/work/haakosbo/env/py386_cuDNN804_CUDA1111/lib/python3.8/site-packages (from tensorflow-datasets>=2.1.0->tflite-model-maker) (2.3)
Requirement already satisfied: tensorflow-metadata in /cluster/work/haakosbo/env/py386_cuDNN804_CUDA1111/lib/python3.8/site-packages (from tensorflow-datasets>=2.1.0->tflite-model-maker) (1.0.0)
Requirement already satisfied: dill in /cluster/work/haakosbo/env/py386_cuDNN804_CUDA1111/lib/python3.8/site-packages (from tensorflow-datasets>=2.1.0->tflite-model-maker) (0.3.3)
Requirement already satisfied: future in /cluster/work/haakosbo/env/py386_cuDNN804_CUDA1111/lib/python3.8/site-packages (from tensorflow-datasets>=2.1.0->tflite-model-maker) (0.18.2)
Requirement already satisfied: dm-tree~=0.1.1 in /cluster/work/haakosbo/env/py386_cuDNN804_CUDA1111/lib/python3.8/site-packages (from tensorflow-model-optimization>=0.5->tflite-model-maker) (0.1.6)
Requirement already satisfied: pybind11>=2.6.0 in /cluster/work/haakosbo/env/py386_cuDNN804_CUDA1111/lib/python3.8/site-packages (from tflite-support>=0.1.0rc4->tflite-model-maker) (2.6.2)
Requirement already satisfied: zipp>=3.1.0 in /cluster/work/haakosbo/env/py386_cuDNN804_CUDA1111/lib/python3.8/site-packages (from importlib-resources->tensorflow-datasets>=2.1.0->tflite-model-maker) (3.4.1)
Requirement already satisfied: text-unidecode>=1.3 in /cluster/work/haakosbo/env/py386_cuDNN804_CUDA1111/lib/python3.8/site-packages (from python-slugify->kaggle>=1.3.9->tf-models-official==2.3.0->tflite-model-maker) (1.3)
done with all packages.
run code
2021-07-28 16:10:08.194294: I tensorflow/stream_executor/platform/default/dso_loader.cc:53] Successfully opened dynamic library libcudart.so.11.0
2021-07-28 16:10:14.121305: W tensorflow/stream_executor/platform/default/dso_loader.cc:64] Could not load dynamic library 'libcuda.so.1'; dlerror: libcuda.so.1: cannot open shared object file: No such file or directory; LD_LIBRARY_PATH: /cluster/apps/eb/software/OpenMPI/4.0.5-GCC-10.2.0/lib:/cluster/apps/eb/software/libfabric/1.11.0-GCCcore-10.2.0/lib:/cluster/apps/eb/software/UCX/1.9.0-GCCcore-10.2.0/lib:/cluster/apps/eb/software/libevent/2.1.12-GCCcore-10.2.0/lib:/cluster/apps/eb/software/hwloc/2.2.0-GCCcore-10.2.0/lib:/cluster/apps/eb/software/libpciaccess/0.16-GCCcore-10.2.0/lib:/cluster/apps/eb/software/libxml2/2.9.10-GCCcore-10.2.0/lib:/cluster/apps/eb/software/numactl/2.0.13-GCCcore-10.2.0/lib:/cluster/apps/eb/software/cuDNN/8.0.4.30-CUDA-11.1.1/lib:/cluster/apps/eb/software/CUDAcore/11.1.1/nvvm/lib64:/cluster/apps/eb/software/CUDAcore/11.1.1/extras/CUPTI/lib64:/cluster/apps/eb/software/CUDAcore/11.1.1/lib64:/cluster/apps/eb/software/Python/3.8.6-GCCcore-10.2.0/lib:/cluster/apps/eb/software/libffi/3.3-GCCcore-10.2.0/lib64:/cluster/apps/eb/software/libffi/3.3-GCCcore-10.2.0/lib:/cluster/apps/eb/software/GMP/6.2.0-GCCcore-10.2.0/lib:/cluster/apps/eb/software/XZ/5.2.5-GCCcore-10.2.0/lib:/cluster/apps/eb/software/SQLite/3.33.0-GCCcore-10.2.0/lib:/cluster/apps/eb/software/Tcl/8.6.10-GCCcore-10.2.0/lib:/cluster/apps/eb/software/libreadline/8.0-GCCcore-10.2.0/lib:/cluster/apps/eb/software/ncurses/6.2-GCCcore-10.2.0/lib:/cluster/apps/eb/software/bzip2/1.0.8-GCCcore-10.2.0/lib:/cluster/apps/eb/software/binutils/2.35-GCCcore-10.2.0/lib:/cluster/apps/eb/software/zlib/1.2.11-GCCcore-10.2.0/lib:/cluster/apps/eb/software/GCCcore/10.2.0/lib64:/cluster/apps/eb/software/GCCcore/10.2.0/lib
2021-07-28 16:10:14.121414: W tensorflow/stream_executor/cuda/cuda_driver.cc:326] failed call to cuInit: UNKNOWN ERROR (303)
2021-07-28 16:10:14.121458: I tensorflow/stream_executor/cuda/cuda_diagnostics.cc:156] kernel driver does not appear to be running on this host (idun-02-17): /proc/driver/nvidia/version does not exist
2021-07-28 16:10:14.121988: I tensorflow/core/platform/cpu_feature_guard.cc:142] This TensorFlow binary is optimized with oneAPI Deep Neural Network Library (oneDNN) to use the following CPU instructions in performance-critical operations:  AVX2 FMA
To enable them in other operations, rebuild TensorFlow with the appropriate compiler flags.
2021-07-28 16:10:16.820461: I tensorflow/compiler/mlir/mlir_graph_optimization_pass.cc:176] None of the MLIR Optimization Passes are enabled (registered 2)
2021-07-28 16:10:16.846747: I tensorflow/core/platform/profile_utils/cpu_utils.cc:114] CPU Frequency: 2200050000 Hz
WARNING:tensorflow:Please add `keras.layers.InputLayer` instead of `keras.Input` to Sequential model. `keras.Input` is intended to be used by Functional model.
WARNING:tensorflow:Please add `keras.layers.InputLayer` instead of `keras.Input` to Sequential model. `keras.Input` is intended to be used by Functional model.
/cluster/work/haakosbo/env/py386_cuDNN804_CUDA1111/lib/python3.8/site-packages/tensorflow/python/keras/optimizer_v2/optimizer_v2.py:374: UserWarning: The `lr` argument is deprecated, use `learning_rate` instead.
  warnings.warn(
WARNING:tensorflow:Gradients do not exist for variables ['efficientnet-lite4/stem/tpu_batch_normalization/moving_mean:0', 'efficientnet-lite4/stem/tpu_batch_normalization/moving_variance:0', 'efficientnet-lite4/blocks_0/tpu_batch_normalization/moving_mean:0', 'efficientnet-lite4/blocks_0/tpu_batch_normalization/moving_variance:0', 'efficientnet-lite4/blocks_0/tpu_batch_normalization_1/moving_mean:0', 'efficientnet-lite4/blocks_0/tpu_batch_normalization_1/moving_variance:0', 'efficientnet-lite4/blocks_1/tpu_batch_normalization/moving_mean:0', 'efficientnet-lite4/blocks_1/tpu_batch_normalization/moving_variance:0', 'efficientnet-lite4/blocks_1/tpu_batch_normalization_1/moving_mean:0', 'efficientnet-lite4/blocks_1/tpu_batch_normalization_1/moving_variance:0', 'efficientnet-lite4/blocks_1/tpu_batch_normalization_2/moving_mean:0', 'efficientnet-lite4/blocks_1/tpu_batch_normalization_2/moving_variance:0', 'efficientnet-lite4/blocks_2/tpu_batch_normalization/moving_mean:0', 'efficientnet-lite4/blocks_2/tpu_batch_normalization/moving_variance:0', 'efficientnet-lite4/blocks_2/tpu_batch_normalization_1/moving_mean:0', 'efficientnet-lite4/blocks_2/tpu_batch_normalization_1/moving_variance:0', 'efficientnet-lite4/blocks_2/tpu_batch_normalization_2/moving_mean:0', 'efficientnet-lite4/blocks_2/tpu_batch_normalization_2/moving_variance:0', 'efficientnet-lite4/blocks_3/tpu_batch_normalization/moving_mean:0', 'efficientnet-lite4/blocks_3/tpu_batch_normalization/moving_variance:0', 'efficientnet-lite4/blocks_3/tpu_batch_normalization_1/moving_mean:0', 'efficientnet-lite4/blocks_3/tpu_batch_normalization_1/moving_variance:0', 'efficientnet-lite4/blocks_3/tpu_batch_normalization_2/moving_mean:0', 'efficientnet-lite4/blocks_3/tpu_batch_normalization_2/moving_variance:0', 'efficientnet-lite4/blocks_4/tpu_batch_normalization/moving_mean:0', 'efficientnet-lite4/blocks_4/tpu_batch_normalization/moving_variance:0', 'efficientnet-lite4/blocks_4/tpu_batch_normalization_1/moving_mean:0', 'efficientnet-lite4/blocks_4/tpu_batch_normalization_1/moving_variance:0', 'efficientnet-lite4/blocks_4/tpu_batch_normalization_2/moving_mean:0', 'efficientnet-lite4/blocks_4/tpu_batch_normalization_2/moving_variance:0', 'efficientnet-lite4/blocks_5/tpu_batch_normalization/moving_mean:0', 'efficientnet-lite4/blocks_5/tpu_batch_normalization/moving_variance:0', 'efficientnet-lite4/blocks_5/tpu_batch_normalization_1/moving_mean:0', 'efficientnet-lite4/blocks_5/tpu_batch_normalization_1/moving_variance:0', 'efficientnet-lite4/blocks_5/tpu_batch_normalization_2/moving_mean:0', 'efficientnet-lite4/blocks_5/tpu_batch_normalization_2/moving_variance:0', 'efficientnet-lite4/blocks_6/tpu_batch_normalization/moving_mean:0', 'efficientnet-lite4/blocks_6/tpu_batch_normalization/moving_variance:0', 'efficientnet-lite4/blocks_6/tpu_batch_normalization_1/moving_mean:0', 'efficientnet-lite4/blocks_6/tpu_batch_normalization_1/moving_variance:0', 'efficientnet-lite4/blocks_6/tpu_batch_normalization_2/moving_mean:0', 'efficientnet-lite4/blocks_6/tpu_batch_normalization_2/moving_variance:0', 'efficientnet-lite4/blocks_7/tpu_batch_normalization/moving_mean:0', 'efficientnet-lite4/blocks_7/tpu_batch_normalization/moving_variance:0', 'efficientnet-lite4/blocks_7/tpu_batch_normalization_1/moving_mean:0', 'efficientnet-lite4/blocks_7/tpu_batch_normalization_1/moving_variance:0', 'efficientnet-lite4/blocks_7/tpu_batch_normalization_2/moving_mean:0', 'efficientnet-lite4/blocks_7/tpu_batch_normalization_2/moving_variance:0', 'efficientnet-lite4/blocks_8/tpu_batch_normalization/moving_mean:0', 'efficientnet-lite4/blocks_8/tpu_batch_normalization/moving_variance:0', 'efficientnet-lite4/blocks_8/tpu_batch_normalization_1/moving_mean:0', 'efficientnet-lite4/blocks_8/tpu_batch_normalization_1/moving_variance:0', 'efficientnet-lite4/blocks_8/tpu_batch_normalization_2/moving_mean:0', 'efficientnet-lite4/blocks_8/tpu_batch_normalization_2/moving_variance:0', 'efficientnet-lite4/blocks_9/tpu_batch_normalization/moving_mean:0', 'efficientnet-lite4/blocks_9/tpu_batch_normalization/moving_variance:0', 'efficientnet-lite4/blocks_9/tpu_batch_normalization_1/moving_mean:0', 'efficientnet-lite4/blocks_9/tpu_batch_normalization_1/moving_variance:0', 'efficientnet-lite4/blocks_9/tpu_batch_normalization_2/moving_mean:0', 'efficientnet-lite4/blocks_9/tpu_batch_normalization_2/moving_variance:0', 'efficientnet-lite4/blocks_10/tpu_batch_normalization/moving_mean:0', 'efficientnet-lite4/blocks_10/tpu_batch_normalization/moving_variance:0', 'efficientnet-lite4/blocks_10/tpu_batch_normalization_1/moving_mean:0', 'efficientnet-lite4/blocks_10/tpu_batch_normalization_1/moving_variance:0', 'efficientnet-lite4/blocks_10/tpu_batch_normalization_2/moving_mean:0', 'efficientnet-lite4/blocks_10/tpu_batch_normalization_2/moving_variance:0', 'efficientnet-lite4/blocks_11/tpu_batch_normalization/moving_mean:0', 'efficientnet-lite4/blocks_11/tpu_batch_normalization/moving_variance:0', 'efficientnet-lite4/blocks_11/tpu_batch_normalization_1/moving_mean:0', 'efficientnet-lite4/blocks_11/tpu_batch_normalization_1/moving_variance:0', 'efficientnet-lite4/blocks_11/tpu_batch_normalization_2/moving_mean:0', 'efficientnet-lite4/blocks_11/tpu_batch_normalization_2/moving_variance:0', 'efficientnet-lite4/blocks_12/tpu_batch_normalization/moving_mean:0', 'efficientnet-lite4/blocks_12/tpu_batch_normalization/moving_variance:0', 'efficientnet-lite4/blocks_12/tpu_batch_normalization_1/moving_mean:0', 'efficientnet-lite4/blocks_12/tpu_batch_normalization_1/moving_variance:0', 'efficientnet-lite4/blocks_12/tpu_batch_normalization_2/moving_mean:0', 'efficientnet-lite4/blocks_12/tpu_batch_normalization_2/moving_variance:0', 'efficientnet-lite4/blocks_13/tpu_batch_normalization/moving_mean:0', 'efficientnet-lite4/blocks_13/tpu_batch_normalization/moving_variance:0', 'efficientnet-lite4/blocks_13/tpu_batch_normalization_1/moving_mean:0', 'efficientnet-lite4/blocks_13/tpu_batch_normalization_1/moving_variance:0', 'efficientnet-lite4/blocks_13/tpu_batch_normalization_2/moving_mean:0', 'efficientnet-lite4/blocks_13/tpu_batch_normalization_2/moving_variance:0', 'efficientnet-lite4/blocks_14/tpu_batch_normalization/moving_mean:0', 'efficientnet-lite4/blocks_14/tpu_batch_normalization/moving_variance:0', 'efficientnet-lite4/blocks_14/tpu_batch_normalization_1/moving_mean:0', 'efficientnet-lite4/blocks_14/tpu_batch_normalization_1/moving_variance:0', 'efficientnet-lite4/blocks_14/tpu_batch_normalization_2/moving_mean:0', 'efficientnet-lite4/blocks_14/tpu_batch_normalization_2/moving_variance:0', 'efficientnet-lite4/blocks_15/tpu_batch_normalization/moving_mean:0', 'efficientnet-lite4/blocks_15/tpu_batch_normalization/moving_variance:0', 'efficientnet-lite4/blocks_15/tpu_batch_normalization_1/moving_mean:0', 'efficientnet-lite4/blocks_15/tpu_batch_normalization_1/moving_variance:0', 'efficientnet-lite4/blocks_15/tpu_batch_normalization_2/moving_mean:0', 'efficientnet-lite4/blocks_15/tpu_batch_normalization_2/moving_variance:0', 'efficientnet-lite4/blocks_16/tpu_batch_normalization/moving_mean:0', 'efficientnet-lite4/blocks_16/tpu_batch_normalization/moving_variance:0', 'efficientnet-lite4/blocks_16/tpu_batch_normalization_1/moving_mean:0', 'efficientnet-lite4/blocks_16/tpu_batch_normalization_1/moving_variance:0', 'efficientnet-lite4/blocks_16/tpu_batch_normalization_2/moving_mean:0', 'efficientnet-lite4/blocks_16/tpu_batch_normalization_2/moving_variance:0', 'efficientnet-lite4/blocks_17/tpu_batch_normalization/moving_mean:0', 'efficientnet-lite4/blocks_17/tpu_batch_normalization/moving_variance:0', 'efficientnet-lite4/blocks_17/tpu_batch_normalization_1/moving_mean:0', 'efficientnet-lite4/blocks_17/tpu_batch_normalization_1/moving_variance:0', 'efficientnet-lite4/blocks_17/tpu_batch_normalization_2/moving_mean:0', 'efficientnet-lite4/blocks_17/tpu_batch_normalization_2/moving_variance:0', 'efficientnet-lite4/blocks_18/tpu_batch_normalization/moving_mean:0', 'efficientnet-lite4/blocks_18/tpu_batch_normalization/moving_variance:0', 'efficientnet-lite4/blocks_18/tpu_batch_normalization_1/moving_mean:0', 'efficientnet-lite4/blocks_18/tpu_batch_normalization_1/moving_variance:0', 'efficientnet-lite4/blocks_18/tpu_batch_normalization_2/moving_mean:0', 'efficientnet-lite4/blocks_18/tpu_batch_normalization_2/moving_variance:0', 'efficientnet-lite4/blocks_19/tpu_batch_normalization/moving_mean:0', 'efficientnet-lite4/blocks_19/tpu_batch_normalization/moving_variance:0', 'efficientnet-lite4/blocks_19/tpu_batch_normalization_1/moving_mean:0', 'efficientnet-lite4/blocks_19/tpu_batch_normalization_1/moving_variance:0', 'efficientnet-lite4/blocks_19/tpu_batch_normalization_2/moving_mean:0', 'efficientnet-lite4/blocks_19/tpu_batch_normalization_2/moving_variance:0', 'efficientnet-lite4/blocks_20/tpu_batch_normalization/moving_mean:0', 'efficientnet-lite4/blocks_20/tpu_batch_normalization/moving_variance:0', 'efficientnet-lite4/blocks_20/tpu_batch_normalization_1/moving_mean:0', 'efficientnet-lite4/blocks_20/tpu_batch_normalization_1/moving_variance:0', 'efficientnet-lite4/blocks_20/tpu_batch_normalization_2/moving_mean:0', 'efficientnet-lite4/blocks_20/tpu_batch_normalization_2/moving_variance:0', 'efficientnet-lite4/blocks_21/tpu_batch_normalization/moving_mean:0', 'efficientnet-lite4/blocks_21/tpu_batch_normalization/moving_variance:0', 'efficientnet-lite4/blocks_21/tpu_batch_normalization_1/moving_mean:0', 'efficientnet-lite4/blocks_21/tpu_batch_normalization_1/moving_variance:0', 'efficientnet-lite4/blocks_21/tpu_batch_normalization_2/moving_mean:0', 'efficientnet-lite4/blocks_21/tpu_batch_normalization_2/moving_variance:0', 'efficientnet-lite4/blocks_22/tpu_batch_normalization/moving_mean:0', 'efficientnet-lite4/blocks_22/tpu_batch_normalization/moving_variance:0', 'efficientnet-lite4/blocks_22/tpu_batch_normalization_1/moving_mean:0', 'efficientnet-lite4/blocks_22/tpu_batch_normalization_1/moving_variance:0', 'efficientnet-lite4/blocks_22/tpu_batch_normalization_2/moving_mean:0', 'efficientnet-lite4/blocks_22/tpu_batch_normalization_2/moving_variance:0', 'efficientnet-lite4/blocks_23/tpu_batch_normalization/moving_mean:0', 'efficientnet-lite4/blocks_23/tpu_batch_normalization/moving_variance:0', 'efficientnet-lite4/blocks_23/tpu_batch_normalization_1/moving_mean:0', 'efficientnet-lite4/blocks_23/tpu_batch_normalization_1/moving_variance:0', 'efficientnet-lite4/blocks_23/tpu_batch_normalization_2/moving_mean:0', 'efficientnet-lite4/blocks_23/tpu_batch_normalization_2/moving_variance:0', 'efficientnet-lite4/blocks_24/tpu_batch_normalization/moving_mean:0', 'efficientnet-lite4/blocks_24/tpu_batch_normalization/moving_variance:0', 'efficientnet-lite4/blocks_24/tpu_batch_normalization_1/moving_mean:0', 'efficientnet-lite4/blocks_24/tpu_batch_normalization_1/moving_variance:0', 'efficientnet-lite4/blocks_24/tpu_batch_normalization_2/moving_mean:0', 'efficientnet-lite4/blocks_24/tpu_batch_normalization_2/moving_variance:0', 'efficientnet-lite4/blocks_25/tpu_batch_normalization/moving_mean:0', 'efficientnet-lite4/blocks_25/tpu_batch_normalization/moving_variance:0', 'efficientnet-lite4/blocks_25/tpu_batch_normalization_1/moving_mean:0', 'efficientnet-lite4/blocks_25/tpu_batch_normalization_1/moving_variance:0', 'efficientnet-lite4/blocks_25/tpu_batch_normalization_2/moving_mean:0', 'efficientnet-lite4/blocks_25/tpu_batch_normalization_2/moving_variance:0', 'efficientnet-lite4/blocks_26/tpu_batch_normalization/moving_mean:0', 'efficientnet-lite4/blocks_26/tpu_batch_normalization/moving_variance:0', 'efficientnet-lite4/blocks_26/tpu_batch_normalization_1/moving_mean:0', 'efficientnet-lite4/blocks_26/tpu_batch_normalization_1/moving_variance:0', 'efficientnet-lite4/blocks_26/tpu_batch_normalization_2/moving_mean:0', 'efficientnet-lite4/blocks_26/tpu_batch_normalization_2/moving_variance:0', 'efficientnet-lite4/blocks_27/tpu_batch_normalization/moving_mean:0', 'efficientnet-lite4/blocks_27/tpu_batch_normalization/moving_variance:0', 'efficientnet-lite4/blocks_27/tpu_batch_normalization_1/moving_mean:0', 'efficientnet-lite4/blocks_27/tpu_batch_normalization_1/moving_variance:0', 'efficientnet-lite4/blocks_27/tpu_batch_normalization_2/moving_mean:0', 'efficientnet-lite4/blocks_27/tpu_batch_normalization_2/moving_variance:0', 'efficientnet-lite4/blocks_28/tpu_batch_normalization/moving_mean:0', 'efficientnet-lite4/blocks_28/tpu_batch_normalization/moving_variance:0', 'efficientnet-lite4/blocks_28/tpu_batch_normalization_1/moving_mean:0', 'efficientnet-lite4/blocks_28/tpu_batch_normalization_1/moving_variance:0', 'efficientnet-lite4/blocks_28/tpu_batch_normalization_2/moving_mean:0', 'efficientnet-lite4/blocks_28/tpu_batch_normalization_2/moving_variance:0', 'efficientnet-lite4/blocks_29/tpu_batch_normalization/moving_mean:0', 'efficientnet-lite4/blocks_29/tpu_batch_normalization/moving_variance:0', 'efficientnet-lite4/blocks_29/tpu_batch_normalization_1/moving_mean:0', 'efficientnet-lite4/blocks_29/tpu_batch_normalization_1/moving_variance:0', 'efficientnet-lite4/blocks_29/tpu_batch_normalization_2/moving_mean:0', 'efficientnet-lite4/blocks_29/tpu_batch_normalization_2/moving_variance:0', 'efficientnet-lite4/head/tpu_batch_normalization/moving_mean:0', 'efficientnet-lite4/head/tpu_batch_normalization/moving_variance:0'] when minimizing the loss.
WARNING:tensorflow:Gradients do not exist for variables ['efficientnet-lite4/stem/tpu_batch_normalization/moving_mean:0', 'efficientnet-lite4/stem/tpu_batch_normalization/moving_variance:0', 'efficientnet-lite4/blocks_0/tpu_batch_normalization/moving_mean:0', 'efficientnet-lite4/blocks_0/tpu_batch_normalization/moving_variance:0', 'efficientnet-lite4/blocks_0/tpu_batch_normalization_1/moving_mean:0', 'efficientnet-lite4/blocks_0/tpu_batch_normalization_1/moving_variance:0', 'efficientnet-lite4/blocks_1/tpu_batch_normalization/moving_mean:0', 'efficientnet-lite4/blocks_1/tpu_batch_normalization/moving_variance:0', 'efficientnet-lite4/blocks_1/tpu_batch_normalization_1/moving_mean:0', 'efficientnet-lite4/blocks_1/tpu_batch_normalization_1/moving_variance:0', 'efficientnet-lite4/blocks_1/tpu_batch_normalization_2/moving_mean:0', 'efficientnet-lite4/blocks_1/tpu_batch_normalization_2/moving_variance:0', 'efficientnet-lite4/blocks_2/tpu_batch_normalization/moving_mean:0', 'efficientnet-lite4/blocks_2/tpu_batch_normalization/moving_variance:0', 'efficientnet-lite4/blocks_2/tpu_batch_normalization_1/moving_mean:0', 'efficientnet-lite4/blocks_2/tpu_batch_normalization_1/moving_variance:0', 'efficientnet-lite4/blocks_2/tpu_batch_normalization_2/moving_mean:0', 'efficientnet-lite4/blocks_2/tpu_batch_normalization_2/moving_variance:0', 'efficientnet-lite4/blocks_3/tpu_batch_normalization/moving_mean:0', 'efficientnet-lite4/blocks_3/tpu_batch_normalization/moving_variance:0', 'efficientnet-lite4/blocks_3/tpu_batch_normalization_1/moving_mean:0', 'efficientnet-lite4/blocks_3/tpu_batch_normalization_1/moving_variance:0', 'efficientnet-lite4/blocks_3/tpu_batch_normalization_2/moving_mean:0', 'efficientnet-lite4/blocks_3/tpu_batch_normalization_2/moving_variance:0', 'efficientnet-lite4/blocks_4/tpu_batch_normalization/moving_mean:0', 'efficientnet-lite4/blocks_4/tpu_batch_normalization/moving_variance:0', 'efficientnet-lite4/blocks_4/tpu_batch_normalization_1/moving_mean:0', 'efficientnet-lite4/blocks_4/tpu_batch_normalization_1/moving_variance:0', 'efficientnet-lite4/blocks_4/tpu_batch_normalization_2/moving_mean:0', 'efficientnet-lite4/blocks_4/tpu_batch_normalization_2/moving_variance:0', 'efficientnet-lite4/blocks_5/tpu_batch_normalization/moving_mean:0', 'efficientnet-lite4/blocks_5/tpu_batch_normalization/moving_variance:0', 'efficientnet-lite4/blocks_5/tpu_batch_normalization_1/moving_mean:0', 'efficientnet-lite4/blocks_5/tpu_batch_normalization_1/moving_variance:0', 'efficientnet-lite4/blocks_5/tpu_batch_normalization_2/moving_mean:0', 'efficientnet-lite4/blocks_5/tpu_batch_normalization_2/moving_variance:0', 'efficientnet-lite4/blocks_6/tpu_batch_normalization/moving_mean:0', 'efficientnet-lite4/blocks_6/tpu_batch_normalization/moving_variance:0', 'efficientnet-lite4/blocks_6/tpu_batch_normalization_1/moving_mean:0', 'efficientnet-lite4/blocks_6/tpu_batch_normalization_1/moving_variance:0', 'efficientnet-lite4/blocks_6/tpu_batch_normalization_2/moving_mean:0', 'efficientnet-lite4/blocks_6/tpu_batch_normalization_2/moving_variance:0', 'efficientnet-lite4/blocks_7/tpu_batch_normalization/moving_mean:0', 'efficientnet-lite4/blocks_7/tpu_batch_normalization/moving_variance:0', 'efficientnet-lite4/blocks_7/tpu_batch_normalization_1/moving_mean:0', 'efficientnet-lite4/blocks_7/tpu_batch_normalization_1/moving_variance:0', 'efficientnet-lite4/blocks_7/tpu_batch_normalization_2/moving_mean:0', 'efficientnet-lite4/blocks_7/tpu_batch_normalization_2/moving_variance:0', 'efficientnet-lite4/blocks_8/tpu_batch_normalization/moving_mean:0', 'efficientnet-lite4/blocks_8/tpu_batch_normalization/moving_variance:0', 'efficientnet-lite4/blocks_8/tpu_batch_normalization_1/moving_mean:0', 'efficientnet-lite4/blocks_8/tpu_batch_normalization_1/moving_variance:0', 'efficientnet-lite4/blocks_8/tpu_batch_normalization_2/moving_mean:0', 'efficientnet-lite4/blocks_8/tpu_batch_normalization_2/moving_variance:0', 'efficientnet-lite4/blocks_9/tpu_batch_normalization/moving_mean:0', 'efficientnet-lite4/blocks_9/tpu_batch_normalization/moving_variance:0', 'efficientnet-lite4/blocks_9/tpu_batch_normalization_1/moving_mean:0', 'efficientnet-lite4/blocks_9/tpu_batch_normalization_1/moving_variance:0', 'efficientnet-lite4/blocks_9/tpu_batch_normalization_2/moving_mean:0', 'efficientnet-lite4/blocks_9/tpu_batch_normalization_2/moving_variance:0', 'efficientnet-lite4/blocks_10/tpu_batch_normalization/moving_mean:0', 'efficientnet-lite4/blocks_10/tpu_batch_normalization/moving_variance:0', 'efficientnet-lite4/blocks_10/tpu_batch_normalization_1/moving_mean:0', 'efficientnet-lite4/blocks_10/tpu_batch_normalization_1/moving_variance:0', 'efficientnet-lite4/blocks_10/tpu_batch_normalization_2/moving_mean:0', 'efficientnet-lite4/blocks_10/tpu_batch_normalization_2/moving_variance:0', 'efficientnet-lite4/blocks_11/tpu_batch_normalization/moving_mean:0', 'efficientnet-lite4/blocks_11/tpu_batch_normalization/moving_variance:0', 'efficientnet-lite4/blocks_11/tpu_batch_normalization_1/moving_mean:0', 'efficientnet-lite4/blocks_11/tpu_batch_normalization_1/moving_variance:0', 'efficientnet-lite4/blocks_11/tpu_batch_normalization_2/moving_mean:0', 'efficientnet-lite4/blocks_11/tpu_batch_normalization_2/moving_variance:0', 'efficientnet-lite4/blocks_12/tpu_batch_normalization/moving_mean:0', 'efficientnet-lite4/blocks_12/tpu_batch_normalization/moving_variance:0', 'efficientnet-lite4/blocks_12/tpu_batch_normalization_1/moving_mean:0', 'efficientnet-lite4/blocks_12/tpu_batch_normalization_1/moving_variance:0', 'efficientnet-lite4/blocks_12/tpu_batch_normalization_2/moving_mean:0', 'efficientnet-lite4/blocks_12/tpu_batch_normalization_2/moving_variance:0', 'efficientnet-lite4/blocks_13/tpu_batch_normalization/moving_mean:0', 'efficientnet-lite4/blocks_13/tpu_batch_normalization/moving_variance:0', 'efficientnet-lite4/blocks_13/tpu_batch_normalization_1/moving_mean:0', 'efficientnet-lite4/blocks_13/tpu_batch_normalization_1/moving_variance:0', 'efficientnet-lite4/blocks_13/tpu_batch_normalization_2/moving_mean:0', 'efficientnet-lite4/blocks_13/tpu_batch_normalization_2/moving_variance:0', 'efficientnet-lite4/blocks_14/tpu_batch_normalization/moving_mean:0', 'efficientnet-lite4/blocks_14/tpu_batch_normalization/moving_variance:0', 'efficientnet-lite4/blocks_14/tpu_batch_normalization_1/moving_mean:0', 'efficientnet-lite4/blocks_14/tpu_batch_normalization_1/moving_variance:0', 'efficientnet-lite4/blocks_14/tpu_batch_normalization_2/moving_mean:0', 'efficientnet-lite4/blocks_14/tpu_batch_normalization_2/moving_variance:0', 'efficientnet-lite4/blocks_15/tpu_batch_normalization/moving_mean:0', 'efficientnet-lite4/blocks_15/tpu_batch_normalization/moving_variance:0', 'efficientnet-lite4/blocks_15/tpu_batch_normalization_1/moving_mean:0', 'efficientnet-lite4/blocks_15/tpu_batch_normalization_1/moving_variance:0', 'efficientnet-lite4/blocks_15/tpu_batch_normalization_2/moving_mean:0', 'efficientnet-lite4/blocks_15/tpu_batch_normalization_2/moving_variance:0', 'efficientnet-lite4/blocks_16/tpu_batch_normalization/moving_mean:0', 'efficientnet-lite4/blocks_16/tpu_batch_normalization/moving_variance:0', 'efficientnet-lite4/blocks_16/tpu_batch_normalization_1/moving_mean:0', 'efficientnet-lite4/blocks_16/tpu_batch_normalization_1/moving_variance:0', 'efficientnet-lite4/blocks_16/tpu_batch_normalization_2/moving_mean:0', 'efficientnet-lite4/blocks_16/tpu_batch_normalization_2/moving_variance:0', 'efficientnet-lite4/blocks_17/tpu_batch_normalization/moving_mean:0', 'efficientnet-lite4/blocks_17/tpu_batch_normalization/moving_variance:0', 'efficientnet-lite4/blocks_17/tpu_batch_normalization_1/moving_mean:0', 'efficientnet-lite4/blocks_17/tpu_batch_normalization_1/moving_variance:0', 'efficientnet-lite4/blocks_17/tpu_batch_normalization_2/moving_mean:0', 'efficientnet-lite4/blocks_17/tpu_batch_normalization_2/moving_variance:0', 'efficientnet-lite4/blocks_18/tpu_batch_normalization/moving_mean:0', 'efficientnet-lite4/blocks_18/tpu_batch_normalization/moving_variance:0', 'efficientnet-lite4/blocks_18/tpu_batch_normalization_1/moving_mean:0', 'efficientnet-lite4/blocks_18/tpu_batch_normalization_1/moving_variance:0', 'efficientnet-lite4/blocks_18/tpu_batch_normalization_2/moving_mean:0', 'efficientnet-lite4/blocks_18/tpu_batch_normalization_2/moving_variance:0', 'efficientnet-lite4/blocks_19/tpu_batch_normalization/moving_mean:0', 'efficientnet-lite4/blocks_19/tpu_batch_normalization/moving_variance:0', 'efficientnet-lite4/blocks_19/tpu_batch_normalization_1/moving_mean:0', 'efficientnet-lite4/blocks_19/tpu_batch_normalization_1/moving_variance:0', 'efficientnet-lite4/blocks_19/tpu_batch_normalization_2/moving_mean:0', 'efficientnet-lite4/blocks_19/tpu_batch_normalization_2/moving_variance:0', 'efficientnet-lite4/blocks_20/tpu_batch_normalization/moving_mean:0', 'efficientnet-lite4/blocks_20/tpu_batch_normalization/moving_variance:0', 'efficientnet-lite4/blocks_20/tpu_batch_normalization_1/moving_mean:0', 'efficientnet-lite4/blocks_20/tpu_batch_normalization_1/moving_variance:0', 'efficientnet-lite4/blocks_20/tpu_batch_normalization_2/moving_mean:0', 'efficientnet-lite4/blocks_20/tpu_batch_normalization_2/moving_variance:0', 'efficientnet-lite4/blocks_21/tpu_batch_normalization/moving_mean:0', 'efficientnet-lite4/blocks_21/tpu_batch_normalization/moving_variance:0', 'efficientnet-lite4/blocks_21/tpu_batch_normalization_1/moving_mean:0', 'efficientnet-lite4/blocks_21/tpu_batch_normalization_1/moving_variance:0', 'efficientnet-lite4/blocks_21/tpu_batch_normalization_2/moving_mean:0', 'efficientnet-lite4/blocks_21/tpu_batch_normalization_2/moving_variance:0', 'efficientnet-lite4/blocks_22/tpu_batch_normalization/moving_mean:0', 'efficientnet-lite4/blocks_22/tpu_batch_normalization/moving_variance:0', 'efficientnet-lite4/blocks_22/tpu_batch_normalization_1/moving_mean:0', 'efficientnet-lite4/blocks_22/tpu_batch_normalization_1/moving_variance:0', 'efficientnet-lite4/blocks_22/tpu_batch_normalization_2/moving_mean:0', 'efficientnet-lite4/blocks_22/tpu_batch_normalization_2/moving_variance:0', 'efficientnet-lite4/blocks_23/tpu_batch_normalization/moving_mean:0', 'efficientnet-lite4/blocks_23/tpu_batch_normalization/moving_variance:0', 'efficientnet-lite4/blocks_23/tpu_batch_normalization_1/moving_mean:0', 'efficientnet-lite4/blocks_23/tpu_batch_normalization_1/moving_variance:0', 'efficientnet-lite4/blocks_23/tpu_batch_normalization_2/moving_mean:0', 'efficientnet-lite4/blocks_23/tpu_batch_normalization_2/moving_variance:0', 'efficientnet-lite4/blocks_24/tpu_batch_normalization/moving_mean:0', 'efficientnet-lite4/blocks_24/tpu_batch_normalization/moving_variance:0', 'efficientnet-lite4/blocks_24/tpu_batch_normalization_1/moving_mean:0', 'efficientnet-lite4/blocks_24/tpu_batch_normalization_1/moving_variance:0', 'efficientnet-lite4/blocks_24/tpu_batch_normalization_2/moving_mean:0', 'efficientnet-lite4/blocks_24/tpu_batch_normalization_2/moving_variance:0', 'efficientnet-lite4/blocks_25/tpu_batch_normalization/moving_mean:0', 'efficientnet-lite4/blocks_25/tpu_batch_normalization/moving_variance:0', 'efficientnet-lite4/blocks_25/tpu_batch_normalization_1/moving_mean:0', 'efficientnet-lite4/blocks_25/tpu_batch_normalization_1/moving_variance:0', 'efficientnet-lite4/blocks_25/tpu_batch_normalization_2/moving_mean:0', 'efficientnet-lite4/blocks_25/tpu_batch_normalization_2/moving_variance:0', 'efficientnet-lite4/blocks_26/tpu_batch_normalization/moving_mean:0', 'efficientnet-lite4/blocks_26/tpu_batch_normalization/moving_variance:0', 'efficientnet-lite4/blocks_26/tpu_batch_normalization_1/moving_mean:0', 'efficientnet-lite4/blocks_26/tpu_batch_normalization_1/moving_variance:0', 'efficientnet-lite4/blocks_26/tpu_batch_normalization_2/moving_mean:0', 'efficientnet-lite4/blocks_26/tpu_batch_normalization_2/moving_variance:0', 'efficientnet-lite4/blocks_27/tpu_batch_normalization/moving_mean:0', 'efficientnet-lite4/blocks_27/tpu_batch_normalization/moving_variance:0', 'efficientnet-lite4/blocks_27/tpu_batch_normalization_1/moving_mean:0', 'efficientnet-lite4/blocks_27/tpu_batch_normalization_1/moving_variance:0', 'efficientnet-lite4/blocks_27/tpu_batch_normalization_2/moving_mean:0', 'efficientnet-lite4/blocks_27/tpu_batch_normalization_2/moving_variance:0', 'efficientnet-lite4/blocks_28/tpu_batch_normalization/moving_mean:0', 'efficientnet-lite4/blocks_28/tpu_batch_normalization/moving_variance:0', 'efficientnet-lite4/blocks_28/tpu_batch_normalization_1/moving_mean:0', 'efficientnet-lite4/blocks_28/tpu_batch_normalization_1/moving_variance:0', 'efficientnet-lite4/blocks_28/tpu_batch_normalization_2/moving_mean:0', 'efficientnet-lite4/blocks_28/tpu_batch_normalization_2/moving_variance:0', 'efficientnet-lite4/blocks_29/tpu_batch_normalization/moving_mean:0', 'efficientnet-lite4/blocks_29/tpu_batch_normalization/moving_variance:0', 'efficientnet-lite4/blocks_29/tpu_batch_normalization_1/moving_mean:0', 'efficientnet-lite4/blocks_29/tpu_batch_normalization_1/moving_variance:0', 'efficientnet-lite4/blocks_29/tpu_batch_normalization_2/moving_mean:0', 'efficientnet-lite4/blocks_29/tpu_batch_normalization_2/moving_variance:0', 'efficientnet-lite4/head/tpu_batch_normalization/moving_mean:0', 'efficientnet-lite4/head/tpu_batch_normalization/moving_variance:0'] when minimizing the loss.
WARNING:tensorflow:Gradients do not exist for variables ['efficientnet-lite4/stem/tpu_batch_normalization/moving_mean:0', 'efficientnet-lite4/stem/tpu_batch_normalization/moving_variance:0', 'efficientnet-lite4/blocks_0/tpu_batch_normalization/moving_mean:0', 'efficientnet-lite4/blocks_0/tpu_batch_normalization/moving_variance:0', 'efficientnet-lite4/blocks_0/tpu_batch_normalization_1/moving_mean:0', 'efficientnet-lite4/blocks_0/tpu_batch_normalization_1/moving_variance:0', 'efficientnet-lite4/blocks_1/tpu_batch_normalization/moving_mean:0', 'efficientnet-lite4/blocks_1/tpu_batch_normalization/moving_variance:0', 'efficientnet-lite4/blocks_1/tpu_batch_normalization_1/moving_mean:0', 'efficientnet-lite4/blocks_1/tpu_batch_normalization_1/moving_variance:0', 'efficientnet-lite4/blocks_1/tpu_batch_normalization_2/moving_mean:0', 'efficientnet-lite4/blocks_1/tpu_batch_normalization_2/moving_variance:0', 'efficientnet-lite4/blocks_2/tpu_batch_normalization/moving_mean:0', 'efficientnet-lite4/blocks_2/tpu_batch_normalization/moving_variance:0', 'efficientnet-lite4/blocks_2/tpu_batch_normalization_1/moving_mean:0', 'efficientnet-lite4/blocks_2/tpu_batch_normalization_1/moving_variance:0', 'efficientnet-lite4/blocks_2/tpu_batch_normalization_2/moving_mean:0', 'efficientnet-lite4/blocks_2/tpu_batch_normalization_2/moving_variance:0', 'efficientnet-lite4/blocks_3/tpu_batch_normalization/moving_mean:0', 'efficientnet-lite4/blocks_3/tpu_batch_normalization/moving_variance:0', 'efficientnet-lite4/blocks_3/tpu_batch_normalization_1/moving_mean:0', 'efficientnet-lite4/blocks_3/tpu_batch_normalization_1/moving_variance:0', 'efficientnet-lite4/blocks_3/tpu_batch_normalization_2/moving_mean:0', 'efficientnet-lite4/blocks_3/tpu_batch_normalization_2/moving_variance:0', 'efficientnet-lite4/blocks_4/tpu_batch_normalization/moving_mean:0', 'efficientnet-lite4/blocks_4/tpu_batch_normalization/moving_variance:0', 'efficientnet-lite4/blocks_4/tpu_batch_normalization_1/moving_mean:0', 'efficientnet-lite4/blocks_4/tpu_batch_normalization_1/moving_variance:0', 'efficientnet-lite4/blocks_4/tpu_batch_normalization_2/moving_mean:0', 'efficientnet-lite4/blocks_4/tpu_batch_normalization_2/moving_variance:0', 'efficientnet-lite4/blocks_5/tpu_batch_normalization/moving_mean:0', 'efficientnet-lite4/blocks_5/tpu_batch_normalization/moving_variance:0', 'efficientnet-lite4/blocks_5/tpu_batch_normalization_1/moving_mean:0', 'efficientnet-lite4/blocks_5/tpu_batch_normalization_1/moving_variance:0', 'efficientnet-lite4/blocks_5/tpu_batch_normalization_2/moving_mean:0', 'efficientnet-lite4/blocks_5/tpu_batch_normalization_2/moving_variance:0', 'efficientnet-lite4/blocks_6/tpu_batch_normalization/moving_mean:0', 'efficientnet-lite4/blocks_6/tpu_batch_normalization/moving_variance:0', 'efficientnet-lite4/blocks_6/tpu_batch_normalization_1/moving_mean:0', 'efficientnet-lite4/blocks_6/tpu_batch_normalization_1/moving_variance:0', 'efficientnet-lite4/blocks_6/tpu_batch_normalization_2/moving_mean:0', 'efficientnet-lite4/blocks_6/tpu_batch_normalization_2/moving_variance:0', 'efficientnet-lite4/blocks_7/tpu_batch_normalization/moving_mean:0', 'efficientnet-lite4/blocks_7/tpu_batch_normalization/moving_variance:0', 'efficientnet-lite4/blocks_7/tpu_batch_normalization_1/moving_mean:0', 'efficientnet-lite4/blocks_7/tpu_batch_normalization_1/moving_variance:0', 'efficientnet-lite4/blocks_7/tpu_batch_normalization_2/moving_mean:0', 'efficientnet-lite4/blocks_7/tpu_batch_normalization_2/moving_variance:0', 'efficientnet-lite4/blocks_8/tpu_batch_normalization/moving_mean:0', 'efficientnet-lite4/blocks_8/tpu_batch_normalization/moving_variance:0', 'efficientnet-lite4/blocks_8/tpu_batch_normalization_1/moving_mean:0', 'efficientnet-lite4/blocks_8/tpu_batch_normalization_1/moving_variance:0', 'efficientnet-lite4/blocks_8/tpu_batch_normalization_2/moving_mean:0', 'efficientnet-lite4/blocks_8/tpu_batch_normalization_2/moving_variance:0', 'efficientnet-lite4/blocks_9/tpu_batch_normalization/moving_mean:0', 'efficientnet-lite4/blocks_9/tpu_batch_normalization/moving_variance:0', 'efficientnet-lite4/blocks_9/tpu_batch_normalization_1/moving_mean:0', 'efficientnet-lite4/blocks_9/tpu_batch_normalization_1/moving_variance:0', 'efficientnet-lite4/blocks_9/tpu_batch_normalization_2/moving_mean:0', 'efficientnet-lite4/blocks_9/tpu_batch_normalization_2/moving_variance:0', 'efficientnet-lite4/blocks_10/tpu_batch_normalization/moving_mean:0', 'efficientnet-lite4/blocks_10/tpu_batch_normalization/moving_variance:0', 'efficientnet-lite4/blocks_10/tpu_batch_normalization_1/moving_mean:0', 'efficientnet-lite4/blocks_10/tpu_batch_normalization_1/moving_variance:0', 'efficientnet-lite4/blocks_10/tpu_batch_normalization_2/moving_mean:0', 'efficientnet-lite4/blocks_10/tpu_batch_normalization_2/moving_variance:0', 'efficientnet-lite4/blocks_11/tpu_batch_normalization/moving_mean:0', 'efficientnet-lite4/blocks_11/tpu_batch_normalization/moving_variance:0', 'efficientnet-lite4/blocks_11/tpu_batch_normalization_1/moving_mean:0', 'efficientnet-lite4/blocks_11/tpu_batch_normalization_1/moving_variance:0', 'efficientnet-lite4/blocks_11/tpu_batch_normalization_2/moving_mean:0', 'efficientnet-lite4/blocks_11/tpu_batch_normalization_2/moving_variance:0', 'efficientnet-lite4/blocks_12/tpu_batch_normalization/moving_mean:0', 'efficientnet-lite4/blocks_12/tpu_batch_normalization/moving_variance:0', 'efficientnet-lite4/blocks_12/tpu_batch_normalization_1/moving_mean:0', 'efficientnet-lite4/blocks_12/tpu_batch_normalization_1/moving_variance:0', 'efficientnet-lite4/blocks_12/tpu_batch_normalization_2/moving_mean:0', 'efficientnet-lite4/blocks_12/tpu_batch_normalization_2/moving_variance:0', 'efficientnet-lite4/blocks_13/tpu_batch_normalization/moving_mean:0', 'efficientnet-lite4/blocks_13/tpu_batch_normalization/moving_variance:0', 'efficientnet-lite4/blocks_13/tpu_batch_normalization_1/moving_mean:0', 'efficientnet-lite4/blocks_13/tpu_batch_normalization_1/moving_variance:0', 'efficientnet-lite4/blocks_13/tpu_batch_normalization_2/moving_mean:0', 'efficientnet-lite4/blocks_13/tpu_batch_normalization_2/moving_variance:0', 'efficientnet-lite4/blocks_14/tpu_batch_normalization/moving_mean:0', 'efficientnet-lite4/blocks_14/tpu_batch_normalization/moving_variance:0', 'efficientnet-lite4/blocks_14/tpu_batch_normalization_1/moving_mean:0', 'efficientnet-lite4/blocks_14/tpu_batch_normalization_1/moving_variance:0', 'efficientnet-lite4/blocks_14/tpu_batch_normalization_2/moving_mean:0', 'efficientnet-lite4/blocks_14/tpu_batch_normalization_2/moving_variance:0', 'efficientnet-lite4/blocks_15/tpu_batch_normalization/moving_mean:0', 'efficientnet-lite4/blocks_15/tpu_batch_normalization/moving_variance:0', 'efficientnet-lite4/blocks_15/tpu_batch_normalization_1/moving_mean:0', 'efficientnet-lite4/blocks_15/tpu_batch_normalization_1/moving_variance:0', 'efficientnet-lite4/blocks_15/tpu_batch_normalization_2/moving_mean:0', 'efficientnet-lite4/blocks_15/tpu_batch_normalization_2/moving_variance:0', 'efficientnet-lite4/blocks_16/tpu_batch_normalization/moving_mean:0', 'efficientnet-lite4/blocks_16/tpu_batch_normalization/moving_variance:0', 'efficientnet-lite4/blocks_16/tpu_batch_normalization_1/moving_mean:0', 'efficientnet-lite4/blocks_16/tpu_batch_normalization_1/moving_variance:0', 'efficientnet-lite4/blocks_16/tpu_batch_normalization_2/moving_mean:0', 'efficientnet-lite4/blocks_16/tpu_batch_normalization_2/moving_variance:0', 'efficientnet-lite4/blocks_17/tpu_batch_normalization/moving_mean:0', 'efficientnet-lite4/blocks_17/tpu_batch_normalization/moving_variance:0', 'efficientnet-lite4/blocks_17/tpu_batch_normalization_1/moving_mean:0', 'efficientnet-lite4/blocks_17/tpu_batch_normalization_1/moving_variance:0', 'efficientnet-lite4/blocks_17/tpu_batch_normalization_2/moving_mean:0', 'efficientnet-lite4/blocks_17/tpu_batch_normalization_2/moving_variance:0', 'efficientnet-lite4/blocks_18/tpu_batch_normalization/moving_mean:0', 'efficientnet-lite4/blocks_18/tpu_batch_normalization/moving_variance:0', 'efficientnet-lite4/blocks_18/tpu_batch_normalization_1/moving_mean:0', 'efficientnet-lite4/blocks_18/tpu_batch_normalization_1/moving_variance:0', 'efficientnet-lite4/blocks_18/tpu_batch_normalization_2/moving_mean:0', 'efficientnet-lite4/blocks_18/tpu_batch_normalization_2/moving_variance:0', 'efficientnet-lite4/blocks_19/tpu_batch_normalization/moving_mean:0', 'efficientnet-lite4/blocks_19/tpu_batch_normalization/moving_variance:0', 'efficientnet-lite4/blocks_19/tpu_batch_normalization_1/moving_mean:0', 'efficientnet-lite4/blocks_19/tpu_batch_normalization_1/moving_variance:0', 'efficientnet-lite4/blocks_19/tpu_batch_normalization_2/moving_mean:0', 'efficientnet-lite4/blocks_19/tpu_batch_normalization_2/moving_variance:0', 'efficientnet-lite4/blocks_20/tpu_batch_normalization/moving_mean:0', 'efficientnet-lite4/blocks_20/tpu_batch_normalization/moving_variance:0', 'efficientnet-lite4/blocks_20/tpu_batch_normalization_1/moving_mean:0', 'efficientnet-lite4/blocks_20/tpu_batch_normalization_1/moving_variance:0', 'efficientnet-lite4/blocks_20/tpu_batch_normalization_2/moving_mean:0', 'efficientnet-lite4/blocks_20/tpu_batch_normalization_2/moving_variance:0', 'efficientnet-lite4/blocks_21/tpu_batch_normalization/moving_mean:0', 'efficientnet-lite4/blocks_21/tpu_batch_normalization/moving_variance:0', 'efficientnet-lite4/blocks_21/tpu_batch_normalization_1/moving_mean:0', 'efficientnet-lite4/blocks_21/tpu_batch_normalization_1/moving_variance:0', 'efficientnet-lite4/blocks_21/tpu_batch_normalization_2/moving_mean:0', 'efficientnet-lite4/blocks_21/tpu_batch_normalization_2/moving_variance:0', 'efficientnet-lite4/blocks_22/tpu_batch_normalization/moving_mean:0', 'efficientnet-lite4/blocks_22/tpu_batch_normalization/moving_variance:0', 'efficientnet-lite4/blocks_22/tpu_batch_normalization_1/moving_mean:0', 'efficientnet-lite4/blocks_22/tpu_batch_normalization_1/moving_variance:0', 'efficientnet-lite4/blocks_22/tpu_batch_normalization_2/moving_mean:0', 'efficientnet-lite4/blocks_22/tpu_batch_normalization_2/moving_variance:0', 'efficientnet-lite4/blocks_23/tpu_batch_normalization/moving_mean:0', 'efficientnet-lite4/blocks_23/tpu_batch_normalization/moving_variance:0', 'efficientnet-lite4/blocks_23/tpu_batch_normalization_1/moving_mean:0', 'efficientnet-lite4/blocks_23/tpu_batch_normalization_1/moving_variance:0', 'efficientnet-lite4/blocks_23/tpu_batch_normalization_2/moving_mean:0', 'efficientnet-lite4/blocks_23/tpu_batch_normalization_2/moving_variance:0', 'efficientnet-lite4/blocks_24/tpu_batch_normalization/moving_mean:0', 'efficientnet-lite4/blocks_24/tpu_batch_normalization/moving_variance:0', 'efficientnet-lite4/blocks_24/tpu_batch_normalization_1/moving_mean:0', 'efficientnet-lite4/blocks_24/tpu_batch_normalization_1/moving_variance:0', 'efficientnet-lite4/blocks_24/tpu_batch_normalization_2/moving_mean:0', 'efficientnet-lite4/blocks_24/tpu_batch_normalization_2/moving_variance:0', 'efficientnet-lite4/blocks_25/tpu_batch_normalization/moving_mean:0', 'efficientnet-lite4/blocks_25/tpu_batch_normalization/moving_variance:0', 'efficientnet-lite4/blocks_25/tpu_batch_normalization_1/moving_mean:0', 'efficientnet-lite4/blocks_25/tpu_batch_normalization_1/moving_variance:0', 'efficientnet-lite4/blocks_25/tpu_batch_normalization_2/moving_mean:0', 'efficientnet-lite4/blocks_25/tpu_batch_normalization_2/moving_variance:0', 'efficientnet-lite4/blocks_26/tpu_batch_normalization/moving_mean:0', 'efficientnet-lite4/blocks_26/tpu_batch_normalization/moving_variance:0', 'efficientnet-lite4/blocks_26/tpu_batch_normalization_1/moving_mean:0', 'efficientnet-lite4/blocks_26/tpu_batch_normalization_1/moving_variance:0', 'efficientnet-lite4/blocks_26/tpu_batch_normalization_2/moving_mean:0', 'efficientnet-lite4/blocks_26/tpu_batch_normalization_2/moving_variance:0', 'efficientnet-lite4/blocks_27/tpu_batch_normalization/moving_mean:0', 'efficientnet-lite4/blocks_27/tpu_batch_normalization/moving_variance:0', 'efficientnet-lite4/blocks_27/tpu_batch_normalization_1/moving_mean:0', 'efficientnet-lite4/blocks_27/tpu_batch_normalization_1/moving_variance:0', 'efficientnet-lite4/blocks_27/tpu_batch_normalization_2/moving_mean:0', 'efficientnet-lite4/blocks_27/tpu_batch_normalization_2/moving_variance:0', 'efficientnet-lite4/blocks_28/tpu_batch_normalization/moving_mean:0', 'efficientnet-lite4/blocks_28/tpu_batch_normalization/moving_variance:0', 'efficientnet-lite4/blocks_28/tpu_batch_normalization_1/moving_mean:0', 'efficientnet-lite4/blocks_28/tpu_batch_normalization_1/moving_variance:0', 'efficientnet-lite4/blocks_28/tpu_batch_normalization_2/moving_mean:0', 'efficientnet-lite4/blocks_28/tpu_batch_normalization_2/moving_variance:0', 'efficientnet-lite4/blocks_29/tpu_batch_normalization/moving_mean:0', 'efficientnet-lite4/blocks_29/tpu_batch_normalization/moving_variance:0', 'efficientnet-lite4/blocks_29/tpu_batch_normalization_1/moving_mean:0', 'efficientnet-lite4/blocks_29/tpu_batch_normalization_1/moving_variance:0', 'efficientnet-lite4/blocks_29/tpu_batch_normalization_2/moving_mean:0', 'efficientnet-lite4/blocks_29/tpu_batch_normalization_2/moving_variance:0', 'efficientnet-lite4/head/tpu_batch_normalization/moving_mean:0', 'efficientnet-lite4/head/tpu_batch_normalization/moving_variance:0'] when minimizing the loss.
WARNING:tensorflow:Gradients do not exist for variables ['efficientnet-lite4/stem/tpu_batch_normalization/moving_mean:0', 'efficientnet-lite4/stem/tpu_batch_normalization/moving_variance:0', 'efficientnet-lite4/blocks_0/tpu_batch_normalization/moving_mean:0', 'efficientnet-lite4/blocks_0/tpu_batch_normalization/moving_variance:0', 'efficientnet-lite4/blocks_0/tpu_batch_normalization_1/moving_mean:0', 'efficientnet-lite4/blocks_0/tpu_batch_normalization_1/moving_variance:0', 'efficientnet-lite4/blocks_1/tpu_batch_normalization/moving_mean:0', 'efficientnet-lite4/blocks_1/tpu_batch_normalization/moving_variance:0', 'efficientnet-lite4/blocks_1/tpu_batch_normalization_1/moving_mean:0', 'efficientnet-lite4/blocks_1/tpu_batch_normalization_1/moving_variance:0', 'efficientnet-lite4/blocks_1/tpu_batch_normalization_2/moving_mean:0', 'efficientnet-lite4/blocks_1/tpu_batch_normalization_2/moving_variance:0', 'efficientnet-lite4/blocks_2/tpu_batch_normalization/moving_mean:0', 'efficientnet-lite4/blocks_2/tpu_batch_normalization/moving_variance:0', 'efficientnet-lite4/blocks_2/tpu_batch_normalization_1/moving_mean:0', 'efficientnet-lite4/blocks_2/tpu_batch_normalization_1/moving_variance:0', 'efficientnet-lite4/blocks_2/tpu_batch_normalization_2/moving_mean:0', 'efficientnet-lite4/blocks_2/tpu_batch_normalization_2/moving_variance:0', 'efficientnet-lite4/blocks_3/tpu_batch_normalization/moving_mean:0', 'efficientnet-lite4/blocks_3/tpu_batch_normalization/moving_variance:0', 'efficientnet-lite4/blocks_3/tpu_batch_normalization_1/moving_mean:0', 'efficientnet-lite4/blocks_3/tpu_batch_normalization_1/moving_variance:0', 'efficientnet-lite4/blocks_3/tpu_batch_normalization_2/moving_mean:0', 'efficientnet-lite4/blocks_3/tpu_batch_normalization_2/moving_variance:0', 'efficientnet-lite4/blocks_4/tpu_batch_normalization/moving_mean:0', 'efficientnet-lite4/blocks_4/tpu_batch_normalization/moving_variance:0', 'efficientnet-lite4/blocks_4/tpu_batch_normalization_1/moving_mean:0', 'efficientnet-lite4/blocks_4/tpu_batch_normalization_1/moving_variance:0', 'efficientnet-lite4/blocks_4/tpu_batch_normalization_2/moving_mean:0', 'efficientnet-lite4/blocks_4/tpu_batch_normalization_2/moving_variance:0', 'efficientnet-lite4/blocks_5/tpu_batch_normalization/moving_mean:0', 'efficientnet-lite4/blocks_5/tpu_batch_normalization/moving_variance:0', 'efficientnet-lite4/blocks_5/tpu_batch_normalization_1/moving_mean:0', 'efficientnet-lite4/blocks_5/tpu_batch_normalization_1/moving_variance:0', 'efficientnet-lite4/blocks_5/tpu_batch_normalization_2/moving_mean:0', 'efficientnet-lite4/blocks_5/tpu_batch_normalization_2/moving_variance:0', 'efficientnet-lite4/blocks_6/tpu_batch_normalization/moving_mean:0', 'efficientnet-lite4/blocks_6/tpu_batch_normalization/moving_variance:0', 'efficientnet-lite4/blocks_6/tpu_batch_normalization_1/moving_mean:0', 'efficientnet-lite4/blocks_6/tpu_batch_normalization_1/moving_variance:0', 'efficientnet-lite4/blocks_6/tpu_batch_normalization_2/moving_mean:0', 'efficientnet-lite4/blocks_6/tpu_batch_normalization_2/moving_variance:0', 'efficientnet-lite4/blocks_7/tpu_batch_normalization/moving_mean:0', 'efficientnet-lite4/blocks_7/tpu_batch_normalization/moving_variance:0', 'efficientnet-lite4/blocks_7/tpu_batch_normalization_1/moving_mean:0', 'efficientnet-lite4/blocks_7/tpu_batch_normalization_1/moving_variance:0', 'efficientnet-lite4/blocks_7/tpu_batch_normalization_2/moving_mean:0', 'efficientnet-lite4/blocks_7/tpu_batch_normalization_2/moving_variance:0', 'efficientnet-lite4/blocks_8/tpu_batch_normalization/moving_mean:0', 'efficientnet-lite4/blocks_8/tpu_batch_normalization/moving_variance:0', 'efficientnet-lite4/blocks_8/tpu_batch_normalization_1/moving_mean:0', 'efficientnet-lite4/blocks_8/tpu_batch_normalization_1/moving_variance:0', 'efficientnet-lite4/blocks_8/tpu_batch_normalization_2/moving_mean:0', 'efficientnet-lite4/blocks_8/tpu_batch_normalization_2/moving_variance:0', 'efficientnet-lite4/blocks_9/tpu_batch_normalization/moving_mean:0', 'efficientnet-lite4/blocks_9/tpu_batch_normalization/moving_variance:0', 'efficientnet-lite4/blocks_9/tpu_batch_normalization_1/moving_mean:0', 'efficientnet-lite4/blocks_9/tpu_batch_normalization_1/moving_variance:0', 'efficientnet-lite4/blocks_9/tpu_batch_normalization_2/moving_mean:0', 'efficientnet-lite4/blocks_9/tpu_batch_normalization_2/moving_variance:0', 'efficientnet-lite4/blocks_10/tpu_batch_normalization/moving_mean:0', 'efficientnet-lite4/blocks_10/tpu_batch_normalization/moving_variance:0', 'efficientnet-lite4/blocks_10/tpu_batch_normalization_1/moving_mean:0', 'efficientnet-lite4/blocks_10/tpu_batch_normalization_1/moving_variance:0', 'efficientnet-lite4/blocks_10/tpu_batch_normalization_2/moving_mean:0', 'efficientnet-lite4/blocks_10/tpu_batch_normalization_2/moving_variance:0', 'efficientnet-lite4/blocks_11/tpu_batch_normalization/moving_mean:0', 'efficientnet-lite4/blocks_11/tpu_batch_normalization/moving_variance:0', 'efficientnet-lite4/blocks_11/tpu_batch_normalization_1/moving_mean:0', 'efficientnet-lite4/blocks_11/tpu_batch_normalization_1/moving_variance:0', 'efficientnet-lite4/blocks_11/tpu_batch_normalization_2/moving_mean:0', 'efficientnet-lite4/blocks_11/tpu_batch_normalization_2/moving_variance:0', 'efficientnet-lite4/blocks_12/tpu_batch_normalization/moving_mean:0', 'efficientnet-lite4/blocks_12/tpu_batch_normalization/moving_variance:0', 'efficientnet-lite4/blocks_12/tpu_batch_normalization_1/moving_mean:0', 'efficientnet-lite4/blocks_12/tpu_batch_normalization_1/moving_variance:0', 'efficientnet-lite4/blocks_12/tpu_batch_normalization_2/moving_mean:0', 'efficientnet-lite4/blocks_12/tpu_batch_normalization_2/moving_variance:0', 'efficientnet-lite4/blocks_13/tpu_batch_normalization/moving_mean:0', 'efficientnet-lite4/blocks_13/tpu_batch_normalization/moving_variance:0', 'efficientnet-lite4/blocks_13/tpu_batch_normalization_1/moving_mean:0', 'efficientnet-lite4/blocks_13/tpu_batch_normalization_1/moving_variance:0', 'efficientnet-lite4/blocks_13/tpu_batch_normalization_2/moving_mean:0', 'efficientnet-lite4/blocks_13/tpu_batch_normalization_2/moving_variance:0', 'efficientnet-lite4/blocks_14/tpu_batch_normalization/moving_mean:0', 'efficientnet-lite4/blocks_14/tpu_batch_normalization/moving_variance:0', 'efficientnet-lite4/blocks_14/tpu_batch_normalization_1/moving_mean:0', 'efficientnet-lite4/blocks_14/tpu_batch_normalization_1/moving_variance:0', 'efficientnet-lite4/blocks_14/tpu_batch_normalization_2/moving_mean:0', 'efficientnet-lite4/blocks_14/tpu_batch_normalization_2/moving_variance:0', 'efficientnet-lite4/blocks_15/tpu_batch_normalization/moving_mean:0', 'efficientnet-lite4/blocks_15/tpu_batch_normalization/moving_variance:0', 'efficientnet-lite4/blocks_15/tpu_batch_normalization_1/moving_mean:0', 'efficientnet-lite4/blocks_15/tpu_batch_normalization_1/moving_variance:0', 'efficientnet-lite4/blocks_15/tpu_batch_normalization_2/moving_mean:0', 'efficientnet-lite4/blocks_15/tpu_batch_normalization_2/moving_variance:0', 'efficientnet-lite4/blocks_16/tpu_batch_normalization/moving_mean:0', 'efficientnet-lite4/blocks_16/tpu_batch_normalization/moving_variance:0', 'efficientnet-lite4/blocks_16/tpu_batch_normalization_1/moving_mean:0', 'efficientnet-lite4/blocks_16/tpu_batch_normalization_1/moving_variance:0', 'efficientnet-lite4/blocks_16/tpu_batch_normalization_2/moving_mean:0', 'efficientnet-lite4/blocks_16/tpu_batch_normalization_2/moving_variance:0', 'efficientnet-lite4/blocks_17/tpu_batch_normalization/moving_mean:0', 'efficientnet-lite4/blocks_17/tpu_batch_normalization/moving_variance:0', 'efficientnet-lite4/blocks_17/tpu_batch_normalization_1/moving_mean:0', 'efficientnet-lite4/blocks_17/tpu_batch_normalization_1/moving_variance:0', 'efficientnet-lite4/blocks_17/tpu_batch_normalization_2/moving_mean:0', 'efficientnet-lite4/blocks_17/tpu_batch_normalization_2/moving_variance:0', 'efficientnet-lite4/blocks_18/tpu_batch_normalization/moving_mean:0', 'efficientnet-lite4/blocks_18/tpu_batch_normalization/moving_variance:0', 'efficientnet-lite4/blocks_18/tpu_batch_normalization_1/moving_mean:0', 'efficientnet-lite4/blocks_18/tpu_batch_normalization_1/moving_variance:0', 'efficientnet-lite4/blocks_18/tpu_batch_normalization_2/moving_mean:0', 'efficientnet-lite4/blocks_18/tpu_batch_normalization_2/moving_variance:0', 'efficientnet-lite4/blocks_19/tpu_batch_normalization/moving_mean:0', 'efficientnet-lite4/blocks_19/tpu_batch_normalization/moving_variance:0', 'efficientnet-lite4/blocks_19/tpu_batch_normalization_1/moving_mean:0', 'efficientnet-lite4/blocks_19/tpu_batch_normalization_1/moving_variance:0', 'efficientnet-lite4/blocks_19/tpu_batch_normalization_2/moving_mean:0', 'efficientnet-lite4/blocks_19/tpu_batch_normalization_2/moving_variance:0', 'efficientnet-lite4/blocks_20/tpu_batch_normalization/moving_mean:0', 'efficientnet-lite4/blocks_20/tpu_batch_normalization/moving_variance:0', 'efficientnet-lite4/blocks_20/tpu_batch_normalization_1/moving_mean:0', 'efficientnet-lite4/blocks_20/tpu_batch_normalization_1/moving_variance:0', 'efficientnet-lite4/blocks_20/tpu_batch_normalization_2/moving_mean:0', 'efficientnet-lite4/blocks_20/tpu_batch_normalization_2/moving_variance:0', 'efficientnet-lite4/blocks_21/tpu_batch_normalization/moving_mean:0', 'efficientnet-lite4/blocks_21/tpu_batch_normalization/moving_variance:0', 'efficientnet-lite4/blocks_21/tpu_batch_normalization_1/moving_mean:0', 'efficientnet-lite4/blocks_21/tpu_batch_normalization_1/moving_variance:0', 'efficientnet-lite4/blocks_21/tpu_batch_normalization_2/moving_mean:0', 'efficientnet-lite4/blocks_21/tpu_batch_normalization_2/moving_variance:0', 'efficientnet-lite4/blocks_22/tpu_batch_normalization/moving_mean:0', 'efficientnet-lite4/blocks_22/tpu_batch_normalization/moving_variance:0', 'efficientnet-lite4/blocks_22/tpu_batch_normalization_1/moving_mean:0', 'efficientnet-lite4/blocks_22/tpu_batch_normalization_1/moving_variance:0', 'efficientnet-lite4/blocks_22/tpu_batch_normalization_2/moving_mean:0', 'efficientnet-lite4/blocks_22/tpu_batch_normalization_2/moving_variance:0', 'efficientnet-lite4/blocks_23/tpu_batch_normalization/moving_mean:0', 'efficientnet-lite4/blocks_23/tpu_batch_normalization/moving_variance:0', 'efficientnet-lite4/blocks_23/tpu_batch_normalization_1/moving_mean:0', 'efficientnet-lite4/blocks_23/tpu_batch_normalization_1/moving_variance:0', 'efficientnet-lite4/blocks_23/tpu_batch_normalization_2/moving_mean:0', 'efficientnet-lite4/blocks_23/tpu_batch_normalization_2/moving_variance:0', 'efficientnet-lite4/blocks_24/tpu_batch_normalization/moving_mean:0', 'efficientnet-lite4/blocks_24/tpu_batch_normalization/moving_variance:0', 'efficientnet-lite4/blocks_24/tpu_batch_normalization_1/moving_mean:0', 'efficientnet-lite4/blocks_24/tpu_batch_normalization_1/moving_variance:0', 'efficientnet-lite4/blocks_24/tpu_batch_normalization_2/moving_mean:0', 'efficientnet-lite4/blocks_24/tpu_batch_normalization_2/moving_variance:0', 'efficientnet-lite4/blocks_25/tpu_batch_normalization/moving_mean:0', 'efficientnet-lite4/blocks_25/tpu_batch_normalization/moving_variance:0', 'efficientnet-lite4/blocks_25/tpu_batch_normalization_1/moving_mean:0', 'efficientnet-lite4/blocks_25/tpu_batch_normalization_1/moving_variance:0', 'efficientnet-lite4/blocks_25/tpu_batch_normalization_2/moving_mean:0', 'efficientnet-lite4/blocks_25/tpu_batch_normalization_2/moving_variance:0', 'efficientnet-lite4/blocks_26/tpu_batch_normalization/moving_mean:0', 'efficientnet-lite4/blocks_26/tpu_batch_normalization/moving_variance:0', 'efficientnet-lite4/blocks_26/tpu_batch_normalization_1/moving_mean:0', 'efficientnet-lite4/blocks_26/tpu_batch_normalization_1/moving_variance:0', 'efficientnet-lite4/blocks_26/tpu_batch_normalization_2/moving_mean:0', 'efficientnet-lite4/blocks_26/tpu_batch_normalization_2/moving_variance:0', 'efficientnet-lite4/blocks_27/tpu_batch_normalization/moving_mean:0', 'efficientnet-lite4/blocks_27/tpu_batch_normalization/moving_variance:0', 'efficientnet-lite4/blocks_27/tpu_batch_normalization_1/moving_mean:0', 'efficientnet-lite4/blocks_27/tpu_batch_normalization_1/moving_variance:0', 'efficientnet-lite4/blocks_27/tpu_batch_normalization_2/moving_mean:0', 'efficientnet-lite4/blocks_27/tpu_batch_normalization_2/moving_variance:0', 'efficientnet-lite4/blocks_28/tpu_batch_normalization/moving_mean:0', 'efficientnet-lite4/blocks_28/tpu_batch_normalization/moving_variance:0', 'efficientnet-lite4/blocks_28/tpu_batch_normalization_1/moving_mean:0', 'efficientnet-lite4/blocks_28/tpu_batch_normalization_1/moving_variance:0', 'efficientnet-lite4/blocks_28/tpu_batch_normalization_2/moving_mean:0', 'efficientnet-lite4/blocks_28/tpu_batch_normalization_2/moving_variance:0', 'efficientnet-lite4/blocks_29/tpu_batch_normalization/moving_mean:0', 'efficientnet-lite4/blocks_29/tpu_batch_normalization/moving_variance:0', 'efficientnet-lite4/blocks_29/tpu_batch_normalization_1/moving_mean:0', 'efficientnet-lite4/blocks_29/tpu_batch_normalization_1/moving_variance:0', 'efficientnet-lite4/blocks_29/tpu_batch_normalization_2/moving_mean:0', 'efficientnet-lite4/blocks_29/tpu_batch_normalization_2/moving_variance:0', 'efficientnet-lite4/head/tpu_batch_normalization/moving_mean:0', 'efficientnet-lite4/head/tpu_batch_normalization/moving_variance:0'] when minimizing the loss.
Model: "sequential"
_________________________________________________________________
Layer (type)                 Output Shape              Param #   
=================================================================
hub_keras_layer_v1v2 (HubKer (None, 1280)              11837936  
_________________________________________________________________
dropout (Dropout)            (None, 1280)              0         
_________________________________________________________________
dense (Dense)                (None, 2)                 2562      
=================================================================
Total params: 11,840,498
Trainable params: 11,840,498
Non-trainable params: 0
_________________________________________________________________
None
Epoch 1/300
 1/87 [..............................] - ETA: 1:06:50 - loss: 0.6873 - accuracy: 0.5312 2/87 [..............................] - ETA: 56:13 - loss: 0.6683 - accuracy: 0.5938   3/87 [>.............................] - ETA: 54:49 - loss: 0.6284 - accuracy: 0.6458 4/87 [>.............................] - ETA: 54:04 - loss: 0.6159 - accuracy: 0.6797 5/87 [>.............................] - ETA: 53:15 - loss: 0.5864 - accuracy: 0.7063 6/87 [=>............................] - ETA: 52:23 - loss: 0.5636 - accuracy: 0.7240 7/87 [=>............................] - ETA: 51:44 - loss: 0.5750 - accuracy: 0.7366 8/87 [=>............................] - ETA: 50:51 - loss: 0.5878 - accuracy: 0.7422 9/87 [==>...........................] - ETA: 49:57 - loss: 0.6552 - accuracy: 0.704910/87 [==>...........................] - ETA: 49:14 - loss: 0.6450 - accuracy: 0.7000slurmstepd: error: *** JOB 380169 ON idun-02-17 CANCELLED AT 2021-07-28T16:17:04 ***
